#
# There is insufficient memory for the Java Runtime Environment to continue.
# Native memory allocation (malloc) failed to allocate 32744 bytes for ChunkPool::allocate
# Possible reasons:
#   The system is out of physical RAM or swap space
#   The process is running with CompressedOops enabled, and the Java Heap may be blocking the growth of the native heap
# Possible solutions:
#   Reduce memory load on the system
#   Increase physical memory or swap space
#   Check if swap backing store is full
#   Decrease Java heap size (-Xmx/-Xms)
#   Decrease number of Java threads
#   Decrease Java thread stack sizes (-Xss)
#   Set larger code cache with -XX:ReservedCodeCacheSize=
#   JVM is running with Unscaled Compressed Oops mode in which the Java heap is
#     placed in the first 4GB address space. The Java Heap base address is the
#     maximum limit for the native heap growth. Please use -XX:HeapBaseMinAddress
#     to set the Java Heap base and to place the Java Heap above 4GB virtual address.
# This output file may be truncated or incomplete.
#
#  Out of Memory Error (allocation.cpp:272), pid=23376, tid=0x0000000000000ef4
#
# JRE version: Java(TM) SE Runtime Environment (8.0_211-b12) (build 1.8.0_211-b12)
# Java VM: Java HotSpot(TM) 64-Bit Server VM (25.211-b12 mixed mode windows-amd64 compressed oops)
# Failed to write core dump. Minidumps are not enabled by default on client versions of Windows
#

---------------  T H R E A D  ---------------

Current thread (0x000000001aafe000):  JavaThread "C1 CompilerThread3" daemon [_thread_in_native, id=3828, stack(0x000000001b0d0000,0x000000001b1d0000)]

Stack: [0x000000001b0d0000,0x000000001b1d0000]
[error occurred during error reporting (printing stack bounds), id 0xc0000005]

Native frames: (J=compiled Java code, j=interpreted, Vv=VM code, C=native code)


Current CompileTask:
C1:2820352 8683       1       org.springframework.cloud.gateway.filter.NettyRoutingFilter::filter (300 bytes)


---------------  P R O C E S S  ---------------

Java Threads: ( => current thread )
  0x000000001ef7b000 JavaThread "NFLoadBalancer-PingTimer-SHOP-CART-API" daemon [_thread_blocked, id=15168, stack(0x0000000028c90000,0x0000000028d90000)]
  0x000000001ef77800 JavaThread "RibbonApacheHttpClientConfiguration.connectionManagerTimer" daemon [_thread_blocked, id=8464, stack(0x0000000028b90000,0x0000000028c90000)]
  0x000000001ef75000 JavaThread "NFLoadBalancer-PingTimer-SHOP-ELASTICSEARCH-PRODUCT" daemon [_thread_blocked, id=1812, stack(0x0000000027a80000,0x0000000027b80000)]
  0x000000001ef6d800 JavaThread "RibbonApacheHttpClientConfiguration.connectionManagerTimer" daemon [_thread_blocked, id=10572, stack(0x0000000027980000,0x0000000027a80000)]
  0x000000001ef74800 JavaThread "AsyncResolver-bootstrap-executor-0" daemon [_thread_blocked, id=22748, stack(0x0000000025860000,0x0000000025960000)]
  0x000000001ef73800 JavaThread "PollingServerListUpdater-1" daemon [_thread_blocked, id=2788, stack(0x0000000025760000,0x0000000025860000)]
  0x000000001ef73000 JavaThread "reactor-http-nio-8" daemon [_thread_in_native, id=2860, stack(0x0000000025660000,0x0000000025760000)]
  0x000000001ef6f800 JavaThread "reactor-http-nio-7" daemon [_thread_in_native, id=12836, stack(0x0000000025560000,0x0000000025660000)]
  0x000000001ef6e000 JavaThread "reactor-http-nio-6" daemon [_thread_in_native, id=13440, stack(0x0000000025460000,0x0000000025560000)]
  0x000000001ef70800 JavaThread "reactor-http-nio-5" daemon [_thread_in_native, id=16224, stack(0x0000000025360000,0x0000000025460000)]
  0x000000001ef72000 JavaThread "reactor-http-nio-4" daemon [_thread_in_native, id=11604, stack(0x0000000025260000,0x0000000025360000)]
  0x000000001ef71800 JavaThread "reactor-http-nio-3" daemon [_thread_in_native, id=10560, stack(0x0000000025160000,0x0000000025260000)]
  0x000000001ef6c800 JavaThread "DataPublisher" daemon [_thread_blocked, id=20564, stack(0x0000000025060000,0x0000000025160000)]
  0x000000001ef6f000 JavaThread "PollingServerListUpdater-0" daemon [_thread_blocked, id=18908, stack(0x0000000024f60000,0x0000000025060000)]
  0x000000001a826000 JavaThread "NFLoadBalancer-PingTimer-SHOP-USER-API" daemon [_thread_blocked, id=18968, stack(0x0000000024e60000,0x0000000024f60000)]
  0x000000001a828000 JavaThread "RibbonApacheHttpClientConfiguration.connectionManagerTimer" daemon [_thread_blocked, id=16852, stack(0x0000000024d60000,0x0000000024e60000)]
  0x000000001a825000 JavaThread "reactor-http-nio-2" daemon [_thread_in_native, id=8984, stack(0x0000000024c60000,0x0000000024d60000)]
  0x000000001a821800 JavaThread "DiscoveryClient-HeartbeatExecutor-0" daemon [_thread_blocked, id=22588, stack(0x0000000024b60000,0x0000000024c60000)]
  0x000000001a827800 JavaThread "DiscoveryClient-CacheRefreshExecutor-0" daemon [_thread_blocked, id=12432, stack(0x0000000024a60000,0x0000000024b60000)]
  0x000000001a826800 JavaThread "DestroyJavaVM" [_thread_blocked, id=18052, stack(0x00000000029c0000,0x0000000002ac0000)]
  0x000000001a824800 JavaThread "server" [_thread_blocked, id=9620, stack(0x0000000024460000,0x0000000024560000)]
  0x000000001a823800 JavaThread "reactor-http-nio-1" daemon [_thread_in_native, id=15664, stack(0x0000000024360000,0x0000000024460000)]
  0x000000001a823000 JavaThread "DiscoveryClient-InstanceInfoReplicator-0" daemon [_thread_blocked, id=21132, stack(0x0000000023960000,0x0000000023a60000)]
  0x000000001a822000 JavaThread "DiscoveryClient-1" daemon [_thread_blocked, id=14224, stack(0x0000000023860000,0x0000000023960000)]
  0x000000001ecad800 JavaThread "DiscoveryClient-0" daemon [_thread_blocked, id=14384, stack(0x0000000023660000,0x0000000023760000)]
  0x000000001ecb7000 JavaThread "AsyncResolver-bootstrap-0" daemon [_thread_blocked, id=3824, stack(0x0000000023460000,0x0000000023560000)]
  0x000000001c072800 JavaThread "Eureka-JerseyClient-Conn-Cleaner2" daemon [_thread_blocked, id=17840, stack(0x0000000022c60000,0x0000000022d60000)]
  0x000000001abd1000 JavaThread "spring.cloud.inetutils" daemon [_thread_blocked, id=15420, stack(0x0000000020560000,0x0000000020660000)]
  0x0000000019c7e000 JavaThread "RMI Scheduler(0)" daemon [_thread_blocked, id=7992, stack(0x000000001cf90000,0x000000001d090000)]
  0x000000001b437800 JavaThread "RMI TCP Accept-0" daemon [_thread_in_native, id=21136, stack(0x000000001b2d0000,0x000000001b3d0000)]
  0x000000001aa61000 JavaThread "Service Thread" daemon [_thread_blocked, id=19316, stack(0x000000001b1d0000,0x000000001b2d0000)]
=>0x000000001aafe000 JavaThread "C1 CompilerThread3" daemon [_thread_in_native, id=3828, stack(0x000000001b0d0000,0x000000001b1d0000)]
  0x000000001aa5f800 JavaThread "C2 CompilerThread2" daemon [_thread_blocked, id=12220, stack(0x000000001afd0000,0x000000001b0d0000)]
  0x000000001aa5e800 JavaThread "C2 CompilerThread1" daemon [_thread_blocked, id=18556, stack(0x000000001aed0000,0x000000001afd0000)]
  0x000000001aa0f000 JavaThread "C2 CompilerThread0" daemon [_thread_blocked, id=19140, stack(0x000000001add0000,0x000000001aed0000)]
  0x0000000019b23800 JavaThread "JDWP Command Reader" daemon [_thread_in_native, id=18768, stack(0x000000001a4d0000,0x000000001a5d0000)]
  0x0000000019b22800 JavaThread "JDWP Event Helper Thread" daemon [_thread_blocked, id=9320, stack(0x000000001a3d0000,0x000000001a4d0000)]
  0x0000000019b17800 JavaThread "JDWP Transport Listener: dt_socket" daemon [_thread_blocked, id=13964, stack(0x000000001a2d0000,0x000000001a3d0000)]
  0x0000000019b0b800 JavaThread "Attach Listener" daemon [_thread_blocked, id=19780, stack(0x000000001a1d0000,0x000000001a2d0000)]
  0x0000000019ab5800 JavaThread "Signal Dispatcher" daemon [_thread_blocked, id=20976, stack(0x000000001a0d0000,0x000000001a1d0000)]
  0x0000000017c98000 JavaThread "Finalizer" daemon [_thread_blocked, id=9844, stack(0x0000000019f70000,0x000000001a070000)]
  0x0000000019a90800 JavaThread "Reference Handler" daemon [_thread_blocked, id=14432, stack(0x0000000019e70000,0x0000000019f70000)]

Other Threads:
  0x0000000017c8b000 VMThread [stack: 0x0000000019970000,0x0000000019a70000] [id=22088]
  0x000000001b44c800 WatcherThread [stack: 0x000000001c3e0000,0x000000001c4e0000] [id=15696]

VM state:not at safepoint (normal execution)

VM Mutex/Monitor currently owned by a thread: None

heap address: 0x0000000081200000, size: 2030 MB, Compressed Oops mode: 32-bit
Narrow klass base: 0x0000000000000000, Narrow klass shift: 3
Compressed class space size: 1073741824 Address: 0x0000000100000000

Heap:
 PSYoungGen      total 295936K, used 69101K [0x00000000d5b80000, 0x00000000e8f00000, 0x0000000100000000)
  eden space 283136K, 23% used [0x00000000d5b80000,0x00000000d9b46ae0,0x00000000e7000000)
  from space 12800K, 29% used [0x00000000e7c00000,0x00000000e7fb4948,0x00000000e8880000)
  to   space 6656K, 0% used [0x00000000e8880000,0x00000000e8880000,0x00000000e8f00000)
 ParOldGen       total 198144K, used 106185K [0x0000000081200000, 0x000000008d380000, 0x00000000d5b80000)
  object space 198144K, 53% used [0x0000000081200000,0x00000000879b2560,0x000000008d380000)
 Metaspace       used 49631K, capacity 52030K, committed 52736K, reserved 1095680K
  class space    used 6774K, capacity 7222K, committed 7424K, reserved 1048576K

Card table byte_map: [0x0000000012080000,0x0000000012480000] byte_map_base: 0x0000000011c77000

Marking Bits: (ParMarkBitMap*) 0x0000000065b35ce0
 Begin Bits: [0x0000000012f30000, 0x0000000014ee8000)
 End Bits:   [0x0000000014ee8000, 0x0000000016ea0000)

Polling page: 0x0000000000830000

CodeCache: size=245760Kb used=16022Kb max_used=16022Kb free=229737Kb
 bounds [0x0000000002cc0000, 0x0000000003c70000, 0x0000000011cc0000]
 total_blobs=9112 nmethods=8570 adapters=460
 compilation: enabled

Compilation events (10 events):
Event: 2820.251 Thread 0x000000001aafe000 nmethod 8678 0x0000000003c64790 code [0x0000000003c64920, 0x0000000003c64ca8]
Event: 2820.342 Thread 0x000000001aafe000 8679       1       com.google.common.base.Predicates$AndPredicate::apply (47 bytes)
Event: 2820.342 Thread 0x000000001aafe000 nmethod 8679 0x0000000003c64ed0 code [0x0000000003c65060, 0x0000000003c652a8]
Event: 2820.342 Thread 0x000000001aafe000 8680       1       org.springframework.cloud.gateway.filter.LoadBalancerClientFilter$DelegatingServiceInstance::getHost (10 bytes)
Event: 2820.342 Thread 0x000000001aafe000 nmethod 8680 0x0000000003c653d0 code [0x0000000003c65520, 0x0000000003c65668]
Event: 2820.342 Thread 0x000000001aafe000 8681       1       org.springframework.cloud.netflix.ribbon.RibbonLoadBalancerClient$RibbonServer::getPort (8 bytes)
Event: 2820.343 Thread 0x000000001aafe000 nmethod 8681 0x0000000003c656d0 code [0x0000000003c65820, 0x0000000003c65930]
Event: 2820.343 Thread 0x000000001aafe000 8682       1       org.springframework.cloud.gateway.filter.WebsocketRoutingFilter::filter (172 bytes)
Event: 2820.344 Thread 0x000000001aafe000 nmethod 8682 0x0000000003c659d0 code [0x0000000003c65d00, 0x0000000003c66968]
Event: 2820.344 Thread 0x000000001aafe000 8683       1       org.springframework.cloud.gateway.filter.NettyRoutingFilter::filter (300 bytes)

GC Heap History (10 events):
Event: 39.019 GC heap before
{Heap before GC invocations=10 (full 1):
 PSYoungGen      total 215040K, used 51467K [0x00000000d5b80000, 0x00000000e4a80000, 0x0000000100000000)
  eden space 204800K, 20% used [0x00000000d5b80000,0x00000000d83c77c8,0x00000000e2380000)
  from space 10240K, 99% used [0x00000000e3000000,0x00000000e39fb620,0x00000000e3a00000)
  to   space 12800K, 0% used [0x00000000e2380000,0x00000000e2380000,0x00000000e3000000)
 ParOldGen       total 50176K, used 10983K [0x0000000081200000, 0x0000000084300000, 0x00000000d5b80000)
  object space 50176K, 21% used [0x0000000081200000,0x0000000081cb9de8,0x0000000084300000)
 Metaspace       used 33880K, capacity 35448K, committed 35496K, reserved 1079296K
  class space    used 4505K, capacity 4838K, committed 4864K, reserved 1048576K
Event: 39.029 GC heap after
Heap after GC invocations=10 (full 1):
 PSYoungGen      total 217600K, used 10603K [0x00000000d5b80000, 0x00000000e9800000, 0x0000000100000000)
  eden space 204800K, 0% used [0x00000000d5b80000,0x00000000d5b80000,0x00000000e2380000)
  from space 12800K, 82% used [0x00000000e2380000,0x00000000e2ddada0,0x00000000e3000000)
  to   space 13824K, 0% used [0x00000000e8a80000,0x00000000e8a80000,0x00000000e9800000)
 ParOldGen       total 50176K, used 12704K [0x0000000081200000, 0x0000000084300000, 0x00000000d5b80000)
  object space 50176K, 25% used [0x0000000081200000,0x0000000081e683a8,0x0000000084300000)
 Metaspace       used 33880K, capacity 35448K, committed 35496K, reserved 1079296K
  class space    used 4505K, capacity 4838K, committed 4864K, reserved 1048576K
}
Event: 39.029 GC heap before
{Heap before GC invocations=11 (full 2):
 PSYoungGen      total 217600K, used 10603K [0x00000000d5b80000, 0x00000000e9800000, 0x0000000100000000)
  eden space 204800K, 0% used [0x00000000d5b80000,0x00000000d5b80000,0x00000000e2380000)
  from space 12800K, 82% used [0x00000000e2380000,0x00000000e2ddada0,0x00000000e3000000)
  to   space 13824K, 0% used [0x00000000e8a80000,0x00000000e8a80000,0x00000000e9800000)
 ParOldGen       total 50176K, used 12704K [0x0000000081200000, 0x0000000084300000, 0x00000000d5b80000)
  object space 50176K, 25% used [0x0000000081200000,0x0000000081e683a8,0x0000000084300000)
 Metaspace       used 33880K, capacity 35448K, committed 35496K, reserved 1079296K
  class space    used 4505K, capacity 4838K, committed 4864K, reserved 1048576K
Event: 39.113 GC heap after
Heap after GC invocations=11 (full 2):
 PSYoungGen      total 217600K, used 0K [0x00000000d5b80000, 0x00000000e9800000, 0x0000000100000000)
  eden space 204800K, 0% used [0x00000000d5b80000,0x00000000d5b80000,0x00000000e2380000)
  from space 12800K, 0% used [0x00000000e2380000,0x00000000e2380000,0x00000000e3000000)
  to   space 13824K, 0% used [0x00000000e8a80000,0x00000000e8a80000,0x00000000e9800000)
 ParOldGen       total 70144K, used 17419K [0x0000000081200000, 0x0000000085680000, 0x00000000d5b80000)
  object space 70144K, 24% used [0x0000000081200000,0x0000000082302d28,0x0000000085680000)
 Metaspace       used 33880K, capacity 35448K, committed 35496K, reserved 1079296K
  class space    used 4505K, capacity 4838K, committed 4864K, reserved 1048576K
}
Event: 53.727 GC heap before
{Heap before GC invocations=12 (full 2):
 PSYoungGen      total 217600K, used 204800K [0x00000000d5b80000, 0x00000000e9800000, 0x0000000100000000)
  eden space 204800K, 100% used [0x00000000d5b80000,0x00000000e2380000,0x00000000e2380000)
  from space 12800K, 0% used [0x00000000e2380000,0x00000000e2380000,0x00000000e3000000)
  to   space 13824K, 0% used [0x00000000e8a80000,0x00000000e8a80000,0x00000000e9800000)
 ParOldGen       total 70144K, used 17419K [0x0000000081200000, 0x0000000085680000, 0x00000000d5b80000)
  object space 70144K, 24% used [0x0000000081200000,0x0000000082302d28,0x0000000085680000)
 Metaspace       used 43965K, capacity 45842K, committed 46080K, reserved 1089536K
  class space    used 5941K, capacity 6308K, committed 6400K, reserved 1048576K
Event: 53.759 GC heap after
Heap after GC invocations=12 (full 2):
 PSYoungGen      total 309248K, used 13133K [0x00000000d5b80000, 0x00000000e9a00000, 0x0000000100000000)
  eden space 295424K, 0% used [0x00000000d5b80000,0x00000000d5b80000,0x00000000e7c00000)
  from space 13824K, 95% used [0x00000000e8a80000,0x00000000e97536a0,0x00000000e9800000)
  to   space 14848K, 0% used [0x00000000e7c00000,0x00000000e7c00000,0x00000000e8a80000)
 ParOldGen       total 70144K, used 17427K [0x0000000081200000, 0x0000000085680000, 0x00000000d5b80000)
  object space 70144K, 24% used [0x0000000081200000,0x0000000082304d28,0x0000000085680000)
 Metaspace       used 43965K, capacity 45842K, committed 46080K, reserved 1089536K
  class space    used 5941K, capacity 6308K, committed 6400K, reserved 1048576K
}
Event: 2806.469 GC heap before
{Heap before GC invocations=13 (full 2):
 PSYoungGen      total 309248K, used 308557K [0x00000000d5b80000, 0x00000000e9a00000, 0x0000000100000000)
  eden space 295424K, 100% used [0x00000000d5b80000,0x00000000e7c00000,0x00000000e7c00000)
  from space 13824K, 95% used [0x00000000e8a80000,0x00000000e97536a0,0x00000000e9800000)
  to   space 14848K, 0% used [0x00000000e7c00000,0x00000000e7c00000,0x00000000e8a80000)
 ParOldGen       total 70144K, used 17427K [0x0000000081200000, 0x0000000085680000, 0x00000000d5b80000)
  object space 70144K, 24% used [0x0000000081200000,0x0000000082304d28,0x0000000085680000)
 Metaspace       used 49977K, capacity 52594K, committed 52736K, reserved 1095680K
  class space    used 6830K, capacity 7322K, committed 7424K, reserved 1048576K
Event: 2806.708 GC heap after
Heap after GC invocations=13 (full 2):
 PSYoungGen      total 295936K, used 12756K [0x00000000d5b80000, 0x00000000e8f00000, 0x0000000100000000)
  eden space 283136K, 0% used [0x00000000d5b80000,0x00000000d5b80000,0x00000000e7000000)
  from space 12800K, 99% used [0x00000000e7c00000,0x00000000e88753e0,0x00000000e8880000)
  to   space 6656K, 0% used [0x00000000e8880000,0x00000000e8880000,0x00000000e8f00000)
 ParOldGen       total 106496K, used 105430K [0x0000000081200000, 0x0000000087a00000, 0x00000000d5b80000)
  object space 106496K, 98% used [0x0000000081200000,0x00000000878f5860,0x0000000087a00000)
 Metaspace       used 49977K, capacity 52594K, committed 52736K, reserved 1095680K
  class space    used 6830K, capacity 7322K, committed 7424K, reserved 1048576K
}
Event: 2806.710 GC heap before
{Heap before GC invocations=14 (full 3):
 PSYoungGen      total 295936K, used 12756K [0x00000000d5b80000, 0x00000000e8f00000, 0x0000000100000000)
  eden space 283136K, 0% used [0x00000000d5b80000,0x00000000d5b80000,0x00000000e7000000)
  from space 12800K, 99% used [0x00000000e7c00000,0x00000000e88753e0,0x00000000e8880000)
  to   space 6656K, 0% used [0x00000000e8880000,0x00000000e8880000,0x00000000e8f00000)
 ParOldGen       total 106496K, used 105430K [0x0000000081200000, 0x0000000087a00000, 0x00000000d5b80000)
  object space 106496K, 98% used [0x0000000081200000,0x00000000878f5860,0x0000000087a00000)
 Metaspace       used 49977K, capacity 52594K, committed 52736K, reserved 1095680K
  class space    used 6830K, capacity 7322K, committed 7424K, reserved 1048576K
Event: 2807.284 GC heap after
Heap after GC invocations=14 (full 3):
 PSYoungGen      total 295936K, used 3794K [0x00000000d5b80000, 0x00000000e8f00000, 0x0000000100000000)
  eden space 283136K, 0% used [0x00000000d5b80000,0x00000000d5b80000,0x00000000e7000000)
  from space 12800K, 29% used [0x00000000e7c00000,0x00000000e7fb4948,0x00000000e8880000)
  to   space 6656K, 0% used [0x00000000e8880000,0x00000000e8880000,0x00000000e8f00000)
 ParOldGen       total 198144K, used 106185K [0x0000000081200000, 0x000000008d380000, 0x00000000d5b80000)
  object space 198144K, 53% used [0x0000000081200000,0x00000000879b2560,0x000000008d380000)
 Metaspace       used 49628K, capacity 52030K, committed 52736K, reserved 1095680K
  class space    used 6774K, capacity 7222K, committed 7424K, reserved 1048576K
}

Deoptimization events (0 events):
No events

Classes redefined (0 events):
No events

Internal exceptions (10 events):
Event: 2811.384 Thread 0x000000001a823800 Exception <a 'java/lang/ArrayIndexOutOfBoundsException'> (0x00000000d60a2408) thrown at [C:\re\workspace\8-2-build-windows-amd64-cygwin\jdk8u211\12973\hotspot\src\share\vm\runtime\sharedRuntime.cpp, line 605]
Event: 2811.384 Thread 0x000000001a823800 Exception <a 'java/lang/ArrayIndexOutOfBoundsException'> (0x00000000d60a4888) thrown at [C:\re\workspace\8-2-build-windows-amd64-cygwin\jdk8u211\12973\hotspot\src\share\vm\runtime\sharedRuntime.cpp, line 605]
Event: 2811.385 Thread 0x000000001a823800 Exception <a 'java/lang/ArrayIndexOutOfBoundsException'> (0x00000000d60a6690) thrown at [C:\re\workspace\8-2-build-windows-amd64-cygwin\jdk8u211\12973\hotspot\src\share\vm\runtime\sharedRuntime.cpp, line 605]
Event: 2811.385 Thread 0x000000001a823800 Exception <a 'java/lang/ArrayIndexOutOfBoundsException'> (0x00000000d60a84c0) thrown at [C:\re\workspace\8-2-build-windows-amd64-cygwin\jdk8u211\12973\hotspot\src\share\vm\runtime\sharedRuntime.cpp, line 605]
Event: 2811.385 Thread 0x000000001a823800 Exception <a 'java/lang/ArrayIndexOutOfBoundsException'> (0x00000000d60aa8f8) thrown at [C:\re\workspace\8-2-build-windows-amd64-cygwin\jdk8u211\12973\hotspot\src\share\vm\runtime\sharedRuntime.cpp, line 605]
Event: 2811.385 Thread 0x000000001a823800 Exception <a 'java/lang/ArrayIndexOutOfBoundsException'> (0x00000000d60ac9a0) thrown at [C:\re\workspace\8-2-build-windows-amd64-cygwin\jdk8u211\12973\hotspot\src\share\vm\runtime\sharedRuntime.cpp, line 605]
Event: 2811.388 Thread 0x000000001a823800 Exception <a 'java/lang/ArrayIndexOutOfBoundsException'> (0x00000000d60faed8) thrown at [C:\re\workspace\8-2-build-windows-amd64-cygwin\jdk8u211\12973\hotspot\src\share\vm\runtime\sharedRuntime.cpp, line 605]
Event: 2811.389 Thread 0x000000001a823800 Exception <a 'java/lang/ArrayIndexOutOfBoundsException'> (0x00000000d65e0a20) thrown at [C:\re\workspace\8-2-build-windows-amd64-cygwin\jdk8u211\12973\hotspot\src\share\vm\runtime\sharedRuntime.cpp, line 605]
Event: 2811.391 Thread 0x000000001a823800 Exception <a 'java/lang/ArrayIndexOutOfBoundsException'> (0x00000000d65f76a0) thrown at [C:\re\workspace\8-2-build-windows-amd64-cygwin\jdk8u211\12973\hotspot\src\share\vm\runtime\sharedRuntime.cpp, line 605]
Event: 2811.392 Thread 0x000000001a823800 Exception <a 'java/lang/ArrayIndexOutOfBoundsException'> (0x00000000d660e278) thrown at [C:\re\workspace\8-2-build-windows-amd64-cygwin\jdk8u211\12973\hotspot\src\share\vm\runtime\sharedRuntime.cpp, line 605]

Events (10 events):
Event: 2811.385 Thread 0x000000001a823800 DEOPT PACKING pc=0x0000000002defa74 sp=0x0000000024459db0
Event: 2811.385 Thread 0x000000001a823800 DEOPT UNPACKING pc=0x0000000002d07890 sp=0x0000000024459ad0 mode 1
Event: 2811.388 Thread 0x000000001a823800 DEOPT PACKING pc=0x0000000002defa74 sp=0x0000000024459580
Event: 2811.388 Thread 0x000000001a823800 DEOPT UNPACKING pc=0x0000000002d07890 sp=0x00000000244592a0 mode 1
Event: 2811.389 Thread 0x000000001a823800 DEOPT PACKING pc=0x0000000002defa74 sp=0x0000000024459580
Event: 2811.389 Thread 0x000000001a823800 DEOPT UNPACKING pc=0x0000000002d07890 sp=0x00000000244592a0 mode 1
Event: 2811.391 Thread 0x000000001a823800 DEOPT PACKING pc=0x0000000002defa74 sp=0x0000000024459580
Event: 2811.391 Thread 0x000000001a823800 DEOPT UNPACKING pc=0x0000000002d07890 sp=0x00000000244592a0 mode 1
Event: 2811.392 Thread 0x000000001a823800 DEOPT PACKING pc=0x0000000002defa74 sp=0x0000000024459580
Event: 2811.392 Thread 0x000000001a823800 DEOPT UNPACKING pc=0x0000000002d07890 sp=0x00000000244592a0 mode 1


Dynamic libraries:
0x00007ff73c900000 - 0x00007ff73c937000 	C:\Program Files\Java\jdk1.8.0_211\bin\java.exe
0x00007ffea1f10000 - 0x00007ffea20fd000 	C:\Windows\SYSTEM32\ntdll.dll
0x00007ffea1a10000 - 0x00007ffea1ac3000 	C:\Windows\System32\KERNEL32.DLL
0x00007ffe9eb60000 - 0x00007ffe9edf3000 	C:\Windows\System32\KERNELBASE.dll
0x00007ffea18e0000 - 0x00007ffea1983000 	C:\Windows\System32\ADVAPI32.dll
0x00007ffe9f5c0000 - 0x00007ffe9f65e000 	C:\Windows\System32\msvcrt.dll
0x00007ffea0d20000 - 0x00007ffea0dbe000 	C:\Windows\System32\sechost.dll
0x00007ffea1200000 - 0x00007ffea1322000 	C:\Windows\System32\RPCRT4.dll
0x00007ffea1330000 - 0x00007ffea14c7000 	C:\Windows\System32\USER32.dll
0x00007ffe9f120000 - 0x00007ffe9f140000 	C:\Windows\System32\win32u.dll
0x00007ffea0c30000 - 0x00007ffea0c59000 	C:\Windows\System32\GDI32.dll
0x00007ffe9dfe0000 - 0x00007ffe9e17a000 	C:\Windows\System32\gdi32full.dll
0x00007ffe9ee00000 - 0x00007ffe9eea0000 	C:\Windows\System32\msvcp_win.dll
0x00007ffe9eec0000 - 0x00007ffe9efba000 	C:\Windows\System32\ucrtbase.dll
0x00007ffe8bed0000 - 0x00007ffe8c149000 	C:\Windows\WinSxS\amd64_microsoft.windows.common-controls_6595b64144ccf1df_6.0.17763.557_none_05b63f68071e5b9f\COMCTL32.dll
0x00007ffea1b00000 - 0x00007ffea1e2c000 	C:\Windows\System32\combase.dll
0x00007ffe9eff0000 - 0x00007ffe9f06e000 	C:\Windows\System32\bcryptPrimitives.dll
0x00007ffea1ad0000 - 0x00007ffea1afe000 	C:\Windows\System32\IMM32.DLL
0x0000000065bc0000 - 0x0000000065c92000 	C:\Program Files\Java\jdk1.8.0_211\jre\bin\msvcr100.dll
0x0000000065310000 - 0x0000000065bb5000 	C:\Program Files\Java\jdk1.8.0_211\jre\bin\server\jvm.dll
0x00007ffea1870000 - 0x00007ffea1878000 	C:\Windows\System32\PSAPI.DLL
0x00007ffe92540000 - 0x00007ffe92549000 	C:\Windows\SYSTEM32\WSOCK32.dll
0x00007ffe9b7f0000 - 0x00007ffe9b814000 	C:\Windows\SYSTEM32\WINMM.dll
0x00007ffe97380000 - 0x00007ffe9738a000 	C:\Windows\SYSTEM32\VERSION.dll
0x00007ffea0dc0000 - 0x00007ffea0e2d000 	C:\Windows\System32\WS2_32.dll
0x00007ffe9b450000 - 0x00007ffe9b47d000 	C:\Windows\SYSTEM32\winmmbase.dll
0x00007ffe9e360000 - 0x00007ffe9e3aa000 	C:\Windows\System32\cfgmgr32.dll
0x00007ffe9a230000 - 0x00007ffe9a23f000 	C:\Program Files\Java\jdk1.8.0_211\jre\bin\verify.dll
0x00007ffe924d0000 - 0x00007ffe924f9000 	C:\Program Files\Java\jdk1.8.0_211\jre\bin\java.dll
0x00007ffe95810000 - 0x00007ffe95845000 	C:\Program Files\Java\jdk1.8.0_211\jre\bin\jdwp.dll
0x00007ffe9ba10000 - 0x00007ffe9ba18000 	C:\Program Files\Java\jdk1.8.0_211\jre\bin\npt.dll
0x00007ffe8f630000 - 0x00007ffe8f653000 	C:\Program Files\Java\jdk1.8.0_211\jre\bin\instrument.dll
0x00007ffe95790000 - 0x00007ffe957a6000 	C:\Program Files\Java\jdk1.8.0_211\jre\bin\zip.dll
0x00007ffe9f720000 - 0x00007ffea0c10000 	C:\Windows\System32\SHELL32.dll
0x00007ffea1e30000 - 0x00007ffea1ed8000 	C:\Windows\System32\shcore.dll
0x00007ffe9e410000 - 0x00007ffe9eb5a000 	C:\Windows\System32\windows.storage.dll
0x00007ffe9dfb0000 - 0x00007ffe9dfd4000 	C:\Windows\System32\profapi.dll
0x00007ffe9df30000 - 0x00007ffe9df8d000 	C:\Windows\System32\powrprof.dll
0x00007ffea0c60000 - 0x00007ffea0cb2000 	C:\Windows\System32\shlwapi.dll
0x00007ffe9df10000 - 0x00007ffe9df21000 	C:\Windows\System32\kernel.appcore.dll
0x00007ffe9eea0000 - 0x00007ffe9eeb7000 	C:\Windows\System32\cryptsp.dll
0x00007ffe9ba00000 - 0x00007ffe9ba09000 	C:\Program Files\Java\jdk1.8.0_211\jre\bin\dt_socket.dll
0x00007ffe9d720000 - 0x00007ffe9d787000 	C:\Windows\system32\mswsock.dll
0x00007ffe8f5f0000 - 0x00007ffe8f60a000 	C:\Program Files\Java\jdk1.8.0_211\jre\bin\net.dll
0x00007ffe8fc50000 - 0x00007ffe8fe27000 	C:\Windows\SYSTEM32\urlmon.dll
0x00007ffe8da20000 - 0x00007ffe8dcc8000 	C:\Windows\SYSTEM32\iertutil.dll
0x00007ffe9d8f0000 - 0x00007ffe9d8fc000 	C:\Windows\SYSTEM32\CRYPTBASE.DLL
0x00007ffe9d4c0000 - 0x00007ffe9d586000 	C:\Windows\SYSTEM32\DNSAPI.dll
0x00007ffe9f710000 - 0x00007ffe9f718000 	C:\Windows\System32\NSI.dll
0x00007ffe9d480000 - 0x00007ffe9d4bd000 	C:\Windows\SYSTEM32\IPHLPAPI.DLL
0x0000000067410000 - 0x0000000067436000 	C:\Program Files\Bonjour\mdnsNSP.dll
0x00007ffe90310000 - 0x00007ffe9031a000 	C:\Windows\System32\rasadhlp.dll
0x00007ffe91450000 - 0x00007ffe914c9000 	C:\Windows\System32\fwpuclnt.dll
0x00007ffe9efc0000 - 0x00007ffe9efe6000 	C:\Windows\System32\bcrypt.dll
0x00007ffe99ba0000 - 0x00007ffe99bad000 	C:\Program Files\Java\jdk1.8.0_211\jre\bin\management.dll
0x00007ffe957d0000 - 0x00007ffe957e2000 	C:\Program Files\Java\jdk1.8.0_211\jre\bin\nio.dll
0x00007ffe9d2e0000 - 0x00007ffe9d313000 	C:\Windows\system32\rsaenh.dll
0x00007ffe9dda0000 - 0x00007ffe9ddc8000 	C:\Windows\SYSTEM32\USERENV.dll
0x00007ffe92130000 - 0x00007ffe92146000 	C:\Windows\SYSTEM32\dhcpcsvc6.DLL
0x00007ffe92070000 - 0x00007ffe9208c000 	C:\Windows\SYSTEM32\dhcpcsvc.DLL
0x00007ffe862c0000 - 0x00007ffe862d6000 	C:\Windows\system32\napinsp.dll
0x00007ffe86780000 - 0x00007ffe8679a000 	C:\Windows\system32\pnrpnsp.dll
0x00007ffe86cc0000 - 0x00007ffe86cce000 	C:\Windows\System32\winrnr.dll
0x00007ffe99980000 - 0x00007ffe9999b000 	C:\Windows\system32\NLAapi.dll
0x00007ffe86ca0000 - 0x00007ffe86cb5000 	C:\Windows\system32\wshbth.dll
0x00007ffe6a820000 - 0x00007ffe6a844000 	C:\Program Files\Java\jdk1.8.0_211\jre\bin\sunec.dll

VM Arguments:
jvm_args: -agentlib:jdwp=transport=dt_socket,address=127.0.0.1:57240,suspend=y,server=n -XX:TieredStopAtLevel=1 -Xverify:none -Dspring.output.ansi.enabled=always -Dcom.sun.management.jmxremote -Dspring.jmx.enabled=true -Dspring.liveBeansView.mbeanDomain -Dspring.application.admin.enabled=true -javaagent:C:\Users\lenovo\.IntelliJIdea2019.1\system\captureAgent\debugger-agent.jar -Dfile.encoding=UTF-8 
java_command: com.fh.ShopGatewayApplication
java_class_path (initial): C:\Program Files\Java\jdk1.8.0_211\jre\lib\charsets.jar;C:\Program Files\Java\jdk1.8.0_211\jre\lib\deploy.jar;C:\Program Files\Java\jdk1.8.0_211\jre\lib\ext\access-bridge-64.jar;C:\Program Files\Java\jdk1.8.0_211\jre\lib\ext\cldrdata.jar;C:\Program Files\Java\jdk1.8.0_211\jre\lib\ext\dnsns.jar;C:\Program Files\Java\jdk1.8.0_211\jre\lib\ext\jaccess.jar;C:\Program Files\Java\jdk1.8.0_211\jre\lib\ext\jfxrt.jar;C:\Program Files\Java\jdk1.8.0_211\jre\lib\ext\localedata.jar;C:\Program Files\Java\jdk1.8.0_211\jre\lib\ext\nashorn.jar;C:\Program Files\Java\jdk1.8.0_211\jre\lib\ext\sunec.jar;C:\Program Files\Java\jdk1.8.0_211\jre\lib\ext\sunjce_provider.jar;C:\Program Files\Java\jdk1.8.0_211\jre\lib\ext\sunmscapi.jar;C:\Program Files\Java\jdk1.8.0_211\jre\lib\ext\sunpkcs11.jar;C:\Program Files\Java\jdk1.8.0_211\jre\lib\ext\zipfs.jar;C:\Program Files\Java\jdk1.8.0_211\jre\lib\javaws.jar;C:\Program Files\Java\jdk1.8.0_211\jre\lib\jce.jar;C:\Program Files\Java\jdk1.8.0_211\jre\lib\jfr.jar;C:\Program Files\Java\jdk1.8.0_211\jre\lib\jfxswt.jar;C:\Program Files\Java\jdk1.8.0_211\jre\lib\jsse.jar;C:\Program Files\Java\jdk1.8.0_211\jre\lib\management-agent.jar;C:\Program Files\Java\jdk1.8.0_211\jre\lib\plugin.jar;C:\Program Files\Java\jdk1.8.0_211\jre\lib\resources.jar;C:\Program Files\Java\jdk1.8.0_211\jre\lib\rt.jar;D:\idea\shop-portal-api\shop-gateway\target\classes;C:\Users\lenovo\.m2\repository\org\springframework\boot\spring-boot-starter-web\2.1.3.RELEASE\spring-boot-starter-web-2.1.3.RELEASE.jar;C:\Users\lenovo\.m2\repository\org\springframework\boot\spring-boot-starter\2.1.3.RELEASE\spring-boot-starter-2.1.3.RELEASE.jar;C:\Users\lenovo\.m2\repository\org\springframework\boot\spring-boot\2.1.3.RELEASE\spring-boot-2.1.3.RELEASE.jar;C:\Users\lenovo\.m2\repository\org\springframework\boot\spring-boot-starter-logging\2.1.3.RELEASE\spring-boot-starter-logging-2.1.3.RELEASE.jar;C:\Users\lenovo\.m2\repository\ch\qos\logback\logback-classic\1.2.3\logback-c
Launcher Type: SUN_STANDARD

Environment Variables:
JAVA_HOME=C:\Program Files\Java\jdk1.8.0_151
PATH=C:\Program Files (x86)\NVIDIA Corporation\PhysX\Common;D:\Xshell6\;D:\xftp\;D:\Oracle\oracle\product\11.2.0\dbhome_1\bin;C:\Program Files (x86)\Common Files\Oracle\Java\javapath;C:\Windows\system32;C:\Windows;C:\Windows\System32\Wbem;C:\Windows\System32\WindowsPowerShell\v1.0\;C:\Windows\System32\OpenSSH\;C:\Program Files\NVIDIA Corporation\NVIDIA NGX;C:\Program Files\Java\jdk1.8.0_151\bin;C:\Program Files\TortoiseSVN\bin;D:\maven\apache-maven-3.6.1\bin;C:\Program Files\TortoiseGit\bin;C:\Program Files\Git\cmd;D:\Mr. Tong wu is in June\vue node\;D:\backup\SVN\服务端\bin;C:\Users\lenovo\AppData\Local\Programs\Python\Python38\Scripts\;C:\Users\lenovo\AppData\Local\Programs\Python\Python38\;C:\Users\lenovo\AppData\Local\Microsoft\WindowsApps;C:\Users\lenovo\AppData\Roaming\npm
USERNAME=lenovo
OS=Windows_NT
PROCESSOR_IDENTIFIER=Intel64 Family 6 Model 158 Stepping 10, GenuineIntel



---------------  S Y S T E M  ---------------

OS: Windows 10.0 , 64 bit Build 17763 (10.0.17763.475)

CPU:total 8 (initial active 8) (4 cores per cpu, 2 threads per core) family 6 model 158 stepping 10, cmov, cx8, fxsr, mmx, sse, sse2, sse3, ssse3, sse4.1, sse4.2, popcnt, avx, avx2, aes, clmul, erms, 3dnowpref, lzcnt, ht, tsc, tscinvbit, bmi1, bmi2, adx

Memory: 4k page, physical 8306932k(320260k free), swap 23381488k(0k free)

vm_info: Java HotSpot(TM) 64-Bit Server VM (25.211-b12) for windows-amd64 JRE (1.8.0_211-b12), built on Apr  1 2019 20:53:26 by "java_re" with MS VC++ 10.0 (VS2010)

time: Mon Jul 06 14:37:51 2020
timezone: 中国标准时间
elapsed time: 2820 seconds (0d 0h 47m 0s)

