JvmtiExport can_access_local_variables 1
JvmtiExport can_hotswap_or_post_breakpoint 1
JvmtiExport can_post_on_exceptions 1
# 310 ciObject found
ciMethod io/netty/handler/codec/DefaultHeadersImpl <init> (Lio/netty/util/HashingStrategy;Lio/netty/handler/codec/ValueConverter;Lio/netty/handler/codec/DefaultHeaders$NameValidator;)V 2057 1 257 0 -1
ciMethod io/netty/handler/codec/DefaultHeaders <init> (Lio/netty/util/HashingStrategy;Lio/netty/handler/codec/ValueConverter;Lio/netty/handler/codec/DefaultHeaders$NameValidator;)V 2057 1 257 0 -1
ciMethod io/netty/handler/codec/DefaultHeaders <init> (Lio/netty/util/HashingStrategy;Lio/netty/handler/codec/ValueConverter;Lio/netty/handler/codec/DefaultHeaders$NameValidator;I)V 3089 1 386 0 -1
ciMethod io/netty/handler/codec/http/HttpMethod$EnumNameMap get (Ljava/lang/String;)Ljava/lang/Object; 3081 1 385 0 -1
ciMethod reactor/core/publisher/MonoDefer <init> (Ljava/util/function/Supplier;)V 2065 1 258 0 -1
ciMethod reactor/core/publisher/MonoIgnoreThen <init> ([Lorg/reactivestreams/Publisher;Lreactor/core/publisher/Mono;)V 2065 1 258 0 -1
ciMethod org/springframework/cloud/gateway/handler/FilteringWebHandler$DefaultGatewayFilterChain filter (Lorg/springframework/web/server/ServerWebExchange;)Lreactor/core/publisher/Mono; 2073 1 259 0 -1
ciMethod org/springframework/cloud/gateway/handler/FilteringWebHandler$DefaultGatewayFilterChain$$Lambda$607 <init> (Lorg/springframework/cloud/gateway/handler/FilteringWebHandler$DefaultGatewayFilterChain;Lorg/springframework/web/server/ServerWebExchange;)V 2073 1 259 0 -1
ciMethod org/springframework/cloud/gateway/handler/FilteringWebHandler$DefaultGatewayFilterChain$$Lambda$607 get$Lambda (Lorg/springframework/cloud/gateway/handler/FilteringWebHandler$DefaultGatewayFilterChain;Lorg/springframework/web/server/ServerWebExchange;)Ljava/util/function/Supplier; 2073 1 259 0 -1
ciMethod java/lang/Object <init> ()V 4097 1 17320 0 -1
ciMethod java/lang/Object getClass ()Ljava/lang/Class; 2049 1 256 0 -1
ciMethod java/lang/Object toString ()Ljava/lang/String; 217 1 27 0 -1
ciMethod java/lang/String <init> ([CII)V 4097 1 2952 0 -1
ciMethod java/lang/String equals (Ljava/lang/Object;)Z 4097 18097 14976 0 -1
ciMethod java/lang/String equalsIgnoreCase (Ljava/lang/String;)Z 4097 1 521 0 -1
ciMethod java/lang/String valueOf (Ljava/lang/Object;)Ljava/lang/String; 2049 1 256 0 -1
ciMethod java/util/Map put (Ljava/lang/Object;Ljava/lang/Object;)Ljava/lang/Object; 0 0 1 0 -1
ciMethod java/util/Map forEach (Ljava/util/function/BiConsumer;)V 3105 6657 388 0 -1
ciMethod java/lang/invoke/DirectMethodHandle internalMemberName (Ljava/lang/Object;)Ljava/lang/Object; 2185 1 273 0 -1
ciMethod java/lang/AbstractStringBuilder <init> (I)V 4097 1 1806 0 -1
ciMethod java/lang/AbstractStringBuilder append (Ljava/lang/String;)Ljava/lang/AbstractStringBuilder; 4097 1 2821 0 -1
ciMethod java/lang/StringBuilder <init> ()V 4097 1 935 0 -1
ciMethod java/lang/StringBuilder append (Ljava/lang/Object;)Ljava/lang/StringBuilder; 3121 1 390 0 -1
ciMethod java/lang/StringBuilder append (Ljava/lang/String;)Ljava/lang/StringBuilder; 4097 1 2180 0 -1
ciMethod java/lang/StringBuilder toString ()Ljava/lang/String; 4097 1 896 0 -1
ciMethod java/lang/Boolean booleanValue ()Z 1049 1 131 0 -1
ciMethod java/lang/Boolean valueOf (Z)Ljava/lang/Boolean; 3073 1 384 0 -1
ciMethod java/lang/NullPointerException <init> ()V 0 0 1 0 -1
ciMethod java/lang/NullPointerException <init> (Ljava/lang/String;)V 0 0 1 0 -1
ciMethod java/util/Objects requireNonNull (Ljava/lang/Object;)Ljava/lang/Object; 2161 1 270 0 -1
ciMethod java/util/Objects requireNonNull (Ljava/lang/Object;Ljava/lang/String;)Ljava/lang/Object; 2049 1 256 0 -1
ciMethod java/net/URI getScheme ()Ljava/lang/String; 1041 1 130 0 -1
ciMethod java/net/URI toString ()Ljava/lang/String; 3073 1 384 0 -1
ciMethod java/net/URI defineString ()V 2065 1 258 0 -1
ciMethod java/lang/invoke/MethodHandle linkToStatic (Ljava/lang/Object;Ljava/lang/invoke/MemberName;)Ljava/lang/Object; 0 0 1 0 -1
ciMethod java/lang/invoke/MethodHandle linkToStatic (Ljava/lang/Object;Ljava/lang/Object;Ljava/lang/invoke/MemberName;)Ljava/lang/Object; 0 0 1 0 -1
ciMethod java/lang/invoke/LambdaForm$DMH invokeStatic_L_L (Ljava/lang/Object;Ljava/lang/Object;)Ljava/lang/Object; 3073 1 384 0 -1
ciMethod java/lang/invoke/LambdaForm$DMH invokeStatic_LL_L (Ljava/lang/Object;Ljava/lang/Object;Ljava/lang/Object;)Ljava/lang/Object; 3073 1 384 0 -1
ciMethod java/lang/invoke/MethodHandle invokeBasic (Ljava/lang/Object;)Ljava/lang/Object; 0 0 1 0 -1
ciMethod java/lang/invoke/MethodHandle invokeBasic (Ljava/lang/Object;Ljava/lang/Object;)Ljava/lang/Object; 0 0 1 0 -1
ciMethod org/springframework/util/MultiValueMap getFirst (Ljava/lang/Object;)Ljava/lang/Object; 0 0 1 0 -1
ciMethod java/lang/invoke/LambdaForm$MH linkToTargetMethod (Ljava/lang/Object;Ljava/lang/Object;)Ljava/lang/Object; 2049 1 256 0 -1
ciMethod java/time/Duration toString ()Ljava/lang/String; 0 0 1 0 -1
ciMethod java/lang/invoke/LambdaForm$MH linkToTargetMethod (Ljava/lang/Object;Ljava/lang/Object;Ljava/lang/Object;)Ljava/lang/Object; 2049 1 256 0 -1
ciMethod java/lang/invoke/MethodHandle linkToStatic (Ljava/lang/Object;ILjava/lang/Object;Ljava/lang/invoke/MemberName;)Ljava/lang/Object; 0 0 1 0 -1
ciMethod java/lang/invoke/MethodHandle invokeBasic (Ljava/lang/Object;ILjava/lang/Object;)Ljava/lang/Object; 0 0 1 0 -1
ciMethod java/lang/invoke/LambdaForm$DMH invokeStatic_LIL_L (Ljava/lang/Object;Ljava/lang/Object;ILjava/lang/Object;)Ljava/lang/Object; 2049 1 256 0 -1
ciMethod java/lang/invoke/LambdaForm$MH linkToTargetMethod (Ljava/lang/Object;ILjava/lang/Object;Ljava/lang/Object;)Ljava/lang/Object; 2049 1 256 0 -1
ciMethod org/springframework/beans/factory/ObjectProvider getIfAvailable ()Ljava/lang/Object; 0 0 1 0 -1
ciMethod reactor/core/publisher/Flux <init> ()V 2105 1 263 0 -1
ciMethod reactor/core/publisher/Flux onErrorMap (Ljava/lang/Class;Ljava/util/function/Function;)Lreactor/core/publisher/Flux; 0 0 1 0 -1
ciMethod reactor/core/publisher/Flux onErrorMap (Ljava/util/function/Predicate;Ljava/util/function/Function;)Lreactor/core/publisher/Flux; 0 0 1 0 -1
ciMethod reactor/core/publisher/Flux onErrorResume (Ljava/util/function/Function;)Lreactor/core/publisher/Flux; 0 0 1 0 -1
ciMethod reactor/core/publisher/Flux onErrorResume (Ljava/util/function/Predicate;Ljava/util/function/Function;)Lreactor/core/publisher/Flux; 0 0 1 0 -1
ciMethod reactor/core/publisher/Flux then (Lreactor/core/publisher/Mono;)Lreactor/core/publisher/Mono; 3065 1 383 0 -1
ciMethod reactor/core/publisher/Flux timeout (Ljava/time/Duration;Lorg/reactivestreams/Publisher;)Lreactor/core/publisher/Flux; 0 0 1 0 -1
ciMethod reactor/core/publisher/Flux timeout (Ljava/time/Duration;Lorg/reactivestreams/Publisher;Lreactor/core/scheduler/Scheduler;)Lreactor/core/publisher/Flux; 0 0 1 0 -1
ciMethod reactor/core/publisher/Flux onAssembly (Lreactor/core/publisher/Flux;)Lreactor/core/publisher/Flux; 2081 1 260 0 -1
ciMethod reactor/core/publisher/Mono <init> ()V 3177 1 397 0 -1
ciMethod reactor/core/publisher/Mono defer (Ljava/util/function/Supplier;)Lreactor/core/publisher/Mono; 2065 1 258 0 -1
ciMethod reactor/core/publisher/Mono error (Ljava/lang/Throwable;)Lreactor/core/publisher/Mono; 209 1 26 0 -1
ciMethod reactor/core/publisher/Mono flatMapMany (Ljava/util/function/Function;)Lreactor/core/publisher/Flux; 3073 1 384 0 -1
ciMethod reactor/core/publisher/Mono onAssembly (Lreactor/core/publisher/Mono;)Lreactor/core/publisher/Mono; 2049 1 256 0 -1
ciMethod reactor/netty/http/client/HttpClient <init> ()V 2073 1 259 0 -1
ciMethod reactor/netty/http/client/HttpClient request (Lio/netty/handler/codec/http/HttpMethod;)Lreactor/netty/http/client/HttpClient$RequestSender; 3081 1 385 0 -1
ciMethod reactor/netty/http/client/HttpClient chunkedTransfer (Z)Lreactor/netty/http/client/HttpClient; 3081 1 385 0 -1
ciMethod reactor/netty/http/client/HttpClient tcpConfiguration (Ljava/util/function/Function;)Lreactor/netty/http/client/HttpClient; 2049 1 256 0 -1
ciMethod reactor/netty/http/client/HttpClient tcpConfiguration ()Lreactor/netty/tcp/TcpClient; 0 0 1 0 -1
ciMethod reactor/netty/tcp/TcpClient <init> ()V 2057 1 257 0 -1
ciMethod org/springframework/cloud/gateway/config/HttpClientProperties getResponseTimeout ()Ljava/time/Duration; 1025 1 128 0 -1
ciMethod org/springframework/cloud/gateway/filter/NettyRoutingFilter getHeadersFilters ()Ljava/util/List; 3073 1 384 0 -1
ciMethod org/springframework/cloud/gateway/filter/NettyRoutingFilter filter (Lorg/springframework/web/server/ServerWebExchange;Lorg/springframework/cloud/gateway/filter/GatewayFilterChain;)Lreactor/core/publisher/Mono; 3073 1 384 0 -1
ciMethod reactor/netty/tcp/TcpClient bootstrap (Ljava/util/function/Function;)Lreactor/netty/tcp/TcpClient; 3097 1 387 0 -1
ciMethod reactor/netty/tcp/TcpClient configure ()Lio/netty/bootstrap/Bootstrap; 3073 1 384 0 -1
ciMethod reactor/netty/tcp/TcpClient connect ()Lreactor/core/publisher/Mono; 2065 1 258 0 -1
ciMethod reactor/netty/tcp/TcpClient connect (Lio/netty/bootstrap/Bootstrap;)Lreactor/core/publisher/Mono; 0 0 1 0 -1
ciMethod org/springframework/cloud/gateway/filter/headers/HttpHeadersFilter filterRequest (Ljava/util/List;Lorg/springframework/web/server/ServerWebExchange;)Lorg/springframework/http/HttpHeaders; 3073 1 384 0 -1
ciMethod org/springframework/cloud/gateway/filter/headers/HttpHeadersFilter filter (Ljava/util/List;Lorg/springframework/http/HttpHeaders;Lorg/springframework/web/server/ServerWebExchange;Lorg/springframework/cloud/gateway/filter/headers/HttpHeadersFilter$Type;)Lorg/springframework/http/HttpHeaders; 2049 1 256 0 -1
ciMethod org/springframework/http/server/reactive/ServerHttpRequest getMethodValue ()Ljava/lang/String; 0 0 1 0 -1
ciMethod org/springframework/http/server/reactive/ServerHttpRequest getHeaders ()Lorg/springframework/http/HttpHeaders; 0 0 1 0 -1
ciMethod org/springframework/web/server/ServerWebExchange getRequest ()Lorg/springframework/http/server/reactive/ServerHttpRequest; 0 0 1 0 -1
ciMethod org/springframework/web/server/ServerWebExchange getAttributes ()Ljava/util/Map; 0 0 1 0 -1
ciMethod org/springframework/web/server/ServerWebExchange getRequiredAttribute (Ljava/lang/String;)Ljava/lang/Object; 2081 1 260 0 -1
ciMethod org/springframework/web/server/ServerWebExchange getAttributeOrDefault (Ljava/lang/String;Ljava/lang/Object;)Ljava/lang/Object; 3073 1 384 0 -1
ciMethod org/springframework/cloud/gateway/filter/GatewayFilterChain filter (Lorg/springframework/web/server/ServerWebExchange;)Lreactor/core/publisher/Mono; 0 0 1 0 -1
ciMethod reactor/netty/tcp/TcpClientBootstrap <init> (Lreactor/netty/tcp/TcpClient;Ljava/util/function/Function;)V 3089 1 386 0 -1
ciMethod reactor/netty/tcp/TcpClientOperator <init> (Lreactor/netty/tcp/TcpClient;)V 3089 1 386 0 -1
ciMethod io/netty/handler/codec/http/HttpHeaders <init> ()V 2065 1 258 0 -1
ciMethod reactor/netty/http/client/HttpClientTcpConfig <init> (Lreactor/netty/http/client/HttpClient;Ljava/util/function/Function;)V 2049 1 256 0 -1
ciMethod reactor/netty/http/client/HttpClientOperator <init> (Lreactor/netty/http/client/HttpClient;)V 2041 1 255 0 -1
ciMethod reactor/netty/http/client/HttpClient$ResponseReceiver responseConnection (Ljava/util/function/BiFunction;)Lreactor/core/publisher/Flux; 0 0 1 0 -1
ciMethod reactor/netty/http/client/HttpClient$RequestSender send (Ljava/util/function/BiFunction;)Lreactor/netty/http/client/HttpClient$ResponseReceiver; 0 0 1 0 -1
ciMethod reactor/netty/http/client/HttpClient$RequestSender uri (Ljava/lang/String;)Lreactor/netty/http/client/HttpClient$UriConfiguration; 0 0 1 0 -1
ciMethod io/netty/handler/codec/http/HttpMethod valueOf (Ljava/lang/String;)Lio/netty/handler/codec/http/HttpMethod; 2057 1 257 0 -1
ciMethod io/netty/handler/codec/http/HttpMethod <init> (Ljava/lang/String;)V 73 353 9 0 -1
ciMethod org/springframework/http/HttpHeaders getFirst (Ljava/lang/String;)Ljava/lang/String; 2057 1 257 0 -1
ciMethod org/springframework/cloud/gateway/support/TimeoutException <init> (Ljava/lang/String;)V 0 0 1 0 -1
ciMethod io/netty/handler/codec/http/DefaultHttpHeaders <init> ()V 3081 1 385 0 -1
ciMethod io/netty/handler/codec/http/DefaultHttpHeaders <init> (Z)V 2057 1 257 0 -1
ciMethod io/netty/handler/codec/http/DefaultHttpHeaders <init> (ZLio/netty/handler/codec/DefaultHeaders$NameValidator;)V 2057 1 257 0 -1
ciMethod io/netty/handler/codec/http/DefaultHttpHeaders <init> (Lio/netty/handler/codec/DefaultHeaders;)V 2057 1 257 0 -1
ciMethod io/netty/handler/codec/http/DefaultHttpHeaders valueConverter (Z)Lio/netty/handler/codec/ValueConverter; 2057 1 257 0 -1
ciMethod io/netty/handler/codec/http/DefaultHttpHeaders nameValidator (Z)Lio/netty/handler/codec/DefaultHeaders$NameValidator; 2057 1 257 0 -1
ciMethod reactor/core/publisher/FluxFromMonoOperator <init> (Lreactor/core/publisher/Mono;)V 3073 1 384 0 -1
ciMethod reactor/core/scheduler/Schedulers parallel ()Lreactor/core/scheduler/Scheduler; 0 0 1 0 -1
ciMethod reactor/core/scheduler/Schedulers cache (Ljava/util/concurrent/atomic/AtomicReference;Ljava/lang/String;Ljava/util/function/Supplier;)Lreactor/core/scheduler/Schedulers$CachedScheduler; 0 0 1 0 -1
ciMethod org/springframework/cloud/gateway/support/ServerWebExchangeUtils setAlreadyRouted (Lorg/springframework/web/server/ServerWebExchange;)V 3065 1 383 0 -1
ciMethod org/springframework/cloud/gateway/support/ServerWebExchangeUtils isAlreadyRouted (Lorg/springframework/web/server/ServerWebExchange;)Z 3081 1 385 0 -1
ciMethod org/springframework/cloud/gateway/filter/NettyRoutingFilter$$Lambda$628 <init> (Lio/netty/handler/codec/http/DefaultHttpHeaders;)V 3081 1 385 0 -1
ciMethod org/springframework/cloud/gateway/filter/NettyRoutingFilter$$Lambda$628 get$Lambda (Lio/netty/handler/codec/http/DefaultHttpHeaders;)Ljava/util/function/BiConsumer; 3081 1 385 0 -1
ciMethod reactor/netty/http/client/HttpClientFinalizer <init> (Lreactor/netty/tcp/TcpClient;)V 4097 1 512 0 -1
ciMethod reactor/netty/http/client/HttpClientFinalizer uri (Ljava/lang/String;)Lreactor/netty/http/client/HttpClient$RequestSender; 3065 1 383 0 -1
ciMethod reactor/netty/http/client/HttpClientFinalizer connect ()Lreactor/core/publisher/Mono; 2049 1 256 0 -1
ciMethod reactor/netty/http/client/HttpClientFinalizer responseConnection (Ljava/util/function/BiFunction;)Lreactor/core/publisher/Flux; 3081 1 385 0 -1
ciMethod reactor/netty/http/client/HttpClientFinalizer send (Ljava/util/function/BiFunction;)Lreactor/netty/http/client/HttpClientFinalizer; 3073 1 384 0 -1
ciMethod reactor/netty/http/client/HttpClientFinalizer send (Ljava/util/function/BiFunction;)Lreactor/netty/http/client/HttpClient$ResponseReceiver; 3073 1 384 0 -1
ciMethod reactor/netty/http/client/HttpClientFinalizer uri (Ljava/lang/String;)Lreactor/netty/http/client/HttpClient$UriConfiguration; 3089 1 386 0 -1
ciMethod reactor/netty/http/client/HttpClient$$Lambda$638 <init> (Lio/netty/handler/codec/http/HttpMethod;)V 3073 1 384 0 -1
ciMethod reactor/netty/http/client/HttpClient$$Lambda$638 get$Lambda (Lio/netty/handler/codec/http/HttpMethod;)Ljava/util/function/Function; 3073 1 384 0 -1
ciMethod reactor/netty/http/client/HttpClientFinalizer$$Lambda$641 <init> (Ljava/lang/String;)V 3081 1 385 0 -1
ciMethod reactor/netty/http/client/HttpClientFinalizer$$Lambda$641 get$Lambda (Ljava/lang/String;)Ljava/util/function/Function; 3089 1 386 0 -1
ciMethod org/springframework/cloud/gateway/filter/NettyRoutingFilter$$Lambda$642 <init> (Lio/netty/handler/codec/http/DefaultHttpHeaders;ZLorg/springframework/http/server/reactive/ServerHttpRequest;)V 3073 1 384 0 -1
ciMethod org/springframework/cloud/gateway/filter/NettyRoutingFilter$$Lambda$642 get$Lambda (Lio/netty/handler/codec/http/DefaultHttpHeaders;ZLorg/springframework/http/server/reactive/ServerHttpRequest;)Ljava/util/function/BiFunction; 3081 1 385 0 -1
ciMethod reactor/netty/http/client/HttpClientFinalizer$$Lambda$643 <init> (Ljava/util/function/BiFunction;)V 3073 1 384 0 -1
ciMethod reactor/netty/http/client/HttpClientFinalizer$$Lambda$643 get$Lambda (Ljava/util/function/BiFunction;)Ljava/util/function/Function; 3073 1 384 0 -1
ciMethod org/springframework/cloud/gateway/filter/NettyRoutingFilter$$Lambda$644 <init> (Lorg/springframework/cloud/gateway/filter/NettyRoutingFilter;Lorg/springframework/web/server/ServerWebExchange;)V 3081 1 385 0 -1
ciMethod org/springframework/cloud/gateway/filter/NettyRoutingFilter$$Lambda$644 get$Lambda (Lorg/springframework/cloud/gateway/filter/NettyRoutingFilter;Lorg/springframework/web/server/ServerWebExchange;)Ljava/util/function/BiFunction; 3073 1 384 0 -1
ciMethod reactor/core/publisher/MonoFlatMapMany <init> (Lreactor/core/publisher/Mono;Ljava/util/function/Function;)V 3065 1 383 0 -1
ciMethod reactor/netty/http/client/HttpClientFinalizer$$Lambda$647 <init> (Ljava/util/function/BiFunction;)V 3065 1 383 0 -1
ciMethod reactor/netty/http/client/HttpClientFinalizer$$Lambda$647 get$Lambda (Ljava/util/function/BiFunction;)Ljava/util/function/Function; 3081 1 385 0 -1
ciMethod reactor/core/publisher/MonoError <init> (Ljava/lang/Throwable;)V 209 1 26 0 -1
ciMethod reactor/core/Exceptions throwIfJvmFatal (Ljava/lang/Throwable;)V 209 1 26 0 -1
instanceKlass java/util/concurrent/locks/ReentrantReadWriteLock$Sync$HoldCounter
instanceKlass io/netty/channel/AbstractChannelHandlerContext$16
instanceKlass reactor/core/publisher/FluxJust$WeakScalarSubscription
instanceKlass com/fasterxml/jackson/databind/ser/impl/PropertySerializerMap$TypeAndSerializer
instanceKlass java/util/stream/DoubleStream
instanceKlass java/util/stream/LongStream
instanceKlass org/springframework/http/codec/json/AbstractJackson2Encoder$$Lambda$726
instanceKlass org/springframework/web/reactive/function/BodyInserters$$Lambda$725
instanceKlass org/springframework/web/reactive/function/BodyInserters$$Lambda$724
instanceKlass org/springframework/http/codec/EncoderHttpMessageWriter$$Lambda$723
instanceKlass org/springframework/http/codec/EncoderHttpMessageWriter$$Lambda$722
instanceKlass org/springframework/http/codec/json/AbstractJackson2Encoder$$Lambda$721
instanceKlass java/lang/invoke/LambdaForm$MH
instanceKlass org/springframework/web/reactive/function/BodyInserters$$Lambda$720
instanceKlass org/springframework/web/reactive/function/BodyInserters$$Lambda$719
instanceKlass org/springframework/web/reactive/function/BodyInserters$$Lambda$718
instanceKlass org/springframework/http/codec/json/Jackson2CodecSupport$$Lambda$717
instanceKlass org/springframework/core/codec/AbstractEncoder$$Lambda$716
instanceKlass org/springframework/web/reactive/function/BodyInserters$$Lambda$715
instanceKlass org/springframework/web/reactive/function/server/DefaultServerResponseBuilder$BodyInserterResponse$1
instanceKlass org/springframework/web/reactive/function/server/DefaultServerResponseBuilder$AbstractServerResponse$$Lambda$714
instanceKlass org/springframework/web/reactive/function/server/DefaultServerResponseBuilder$AbstractServerResponse$$Lambda$713
instanceKlass org/springframework/boot/autoconfigure/web/reactive/error/AbstractErrorWebExceptionHandler$ResponseContext
instanceKlass org/springframework/web/reactive/function/server/ServerResponse$Context
instanceKlass org/springframework/web/reactive/function/server/DefaultServerResponseBuilder$AbstractServerResponse
instanceKlass org/springframework/web/reactive/function/BodyInserters$$Lambda$712
instanceKlass org/springframework/web/reactive/function/BodyInserters$$Lambda$711
instanceKlass org/springframework/web/reactive/function/BodyInserter
instanceKlass org/springframework/web/reactive/function/BodyInserter$Context
instanceKlass org/springframework/http/codec/ServerSentEvent
instanceKlass org/springframework/web/reactive/function/BodyInserters
instanceKlass org/springframework/util/MimeType$$Lambda$710
instanceKlass org/springframework/web/reactive/function/server/DefaultServerResponseBuilder
instanceKlass org/springframework/boot/web/reactive/error/DefaultErrorAttributes$$Lambda$709
instanceKlass org/springframework/boot/autoconfigure/web/reactive/error/AbstractErrorWebExceptionHandler$$Lambda$708
instanceKlass org/springframework/boot/autoconfigure/web/reactive/error/AbstractErrorWebExceptionHandler$$Lambda$707
instanceKlass org/springframework/boot/autoconfigure/web/reactive/error/AbstractErrorWebExceptionHandler$$Lambda$706
instanceKlass org/springframework/web/reactive/function/server/RouterFunctions$SameComposedRouterFunction$$Lambda$705
instanceKlass org/springframework/boot/autoconfigure/web/reactive/error/DefaultErrorWebExceptionHandler$$Lambda$704
instanceKlass org/springframework/http/MediaType$$Lambda$703
instanceKlass org/springframework/boot/autoconfigure/web/reactive/error/DefaultErrorWebExceptionHandler$$Lambda$702
instanceKlass org/springframework/web/reactive/function/server/RequestPredicates$$Lambda$701
instanceKlass org/springframework/web/reactive/function/server/RequestPredicates
instanceKlass org/springframework/web/reactive/function/server/RouterFunctions$AbstractRouterFunction
instanceKlass org/springframework/web/reactive/function/server/RouterFunctions$$Lambda$700
instanceKlass org/springframework/web/reactive/function/server/RouterFunctions
instanceKlass org/springframework/boot/autoconfigure/web/reactive/error/DefaultErrorWebExceptionHandler$$Lambda$699
instanceKlass org/springframework/boot/autoconfigure/web/reactive/error/DefaultErrorWebExceptionHandler$$Lambda$698
instanceKlass org/springframework/web/reactive/function/server/DefaultServerRequest$DefaultHeaders
instanceKlass org/springframework/web/reactive/function/server/ServerRequest$Headers
instanceKlass org/springframework/web/reactive/function/server/DefaultServerRequest$$Lambda$697
instanceKlass org/springframework/web/reactive/function/server/DefaultServerRequest$$Lambda$696
instanceKlass org/springframework/web/reactive/function/server/DefaultServerRequest
instanceKlass org/springframework/web/reactive/resource/ResourceWebHandler$$Lambda$695
instanceKlass org/springframework/web/reactive/resource/ResourceWebHandler$$Lambda$694
instanceKlass org/springframework/web/reactive/resource/ResourceWebHandler$$Lambda$693
instanceKlass org/springframework/web/reactive/resource/PathResourceResolver$$Lambda$692
instanceKlass org/springframework/http/server/DefaultPathContainer$$Lambda$691
instanceKlass java/lang/invoke/LambdaForm$MH
instanceKlass java/lang/invoke/LambdaForm$DMH
instanceKlass org/springframework/http/server/DefaultPathContainer$$Lambda$690
instanceKlass java/lang/invoke/LambdaForm$DMH
instanceKlass org/springframework/http/server/DefaultPathContainer$$Lambda$689
instanceKlass org/springframework/http/server/DefaultPathContainer$$Lambda$688
instanceKlass org/springframework/web/reactive/handler/AbstractUrlHandlerMapping$$Lambda$687
instanceKlass reactor/core/Exceptions
instanceKlass reactor/netty/channel/FluxReceive$$Lambda$686
instanceKlass reactor/netty/channel/ChannelOperationsHandler$PublisherSender$$Lambda$685
instanceKlass reactor/netty/channel/ChannelOperationsHandler$PublisherSender$$Lambda$684
instanceKlass java/lang/invoke/LambdaForm$MH
instanceKlass java/lang/invoke/LambdaForm$DMH
instanceKlass java/lang/invoke/LambdaForm$DMH
instanceKlass reactor/netty/channel/FluxReceive$$Lambda$683
instanceKlass java/lang/invoke/LambdaForm$DMH
instanceKlass io/netty/channel/AbstractChannelHandlerContext$15
instanceKlass io/netty/channel/pool/SimpleChannelPool$3
instanceKlass org/springframework/web/cors/reactive/UrlBasedCorsConfigurationSource$$Lambda$682
instanceKlass org/springframework/web/cors/reactive/UrlBasedCorsConfigurationSource$$Lambda$681
instanceKlass org/apache/http/pool/AbstractConnPool$4
instanceKlass io/netty/channel/AbstractChannel$AbstractUnsafe$8
instanceKlass io/netty/channel/AbstractChannel$AbstractUnsafe$7
instanceKlass reactor/netty/http/server/HttpServerOperations$$Lambda$680
instanceKlass org/springframework/web/server/adapter/HttpWebHandlerAdapter$$Lambda$679
instanceKlass sun/nio/ch/IOVecWrapper$Deallocator
instanceKlass sun/nio/ch/IOVecWrapper
instanceKlass io/netty/util/concurrent/PromiseCombiner$1
instanceKlass io/netty/util/concurrent/PromiseCombiner
instanceKlass io/netty/util/ResourceLeak
instanceKlass io/netty/util/ResourceLeakTracker
instanceKlass reactor/netty/resources/PooledConnectionProvider$PooledConnection$$Lambda$678
instanceKlass reactor/core/publisher/MonoIgnoreElements$IgnoreElementsSubscriber
instanceKlass reactor/netty/ReactorNetty$OutboundThen
instanceKlass org/springframework/http/server/reactive/ReactorServerHttpResponse$$Lambda$677
instanceKlass org/springframework/http/server/reactive/AbstractServerHttpResponse$$Lambda$676
instanceKlass org/springframework/http/server/reactive/AbstractServerHttpResponse$$Lambda$675
instanceKlass org/springframework/http/server/reactive/AbstractServerHttpResponse$$Lambda$674
instanceKlass org/springframework/http/server/reactive/AbstractServerHttpResponse$$Lambda$673
instanceKlass org/springframework/http/server/reactive/ChannelSendOperator$WriteCompletionBarrier
instanceKlass org/springframework/http/server/reactive/ChannelSendOperator$WriteBarrier
instanceKlass org/springframework/http/server/reactive/AbstractServerHttpResponse$$Lambda$672
instanceKlass org/springframework/http/server/reactive/AbstractServerHttpResponse$$Lambda$671
instanceKlass org/springframework/cloud/gateway/filter/NettyWriteResponseFilter$$Lambda$670
instanceKlass org/springframework/cloud/gateway/filter/NettyWriteResponseFilter$$Lambda$669
instanceKlass org/springframework/http/server/reactive/NettyHeadersAdapter$$Lambda$668
instanceKlass io/netty/handler/codec/HeadersUtils$StringEntry
instanceKlass io/netty/handler/codec/HeadersUtils$StringEntryIterator
instanceKlass org/springframework/cloud/gateway/filter/NettyRoutingFilter$$Lambda$667
instanceKlass reactor/netty/http/client/HttpClientOperations$ResponseState
instanceKlass io/netty/util/internal/PromiseNotificationUtil
instanceKlass io/netty/channel/ChannelProgressivePromise
instanceKlass io/netty/channel/ChannelProgressiveFuture
instanceKlass io/netty/util/concurrent/ProgressivePromise
instanceKlass io/netty/util/concurrent/ProgressiveFuture
instanceKlass reactor/netty/channel/ChannelOperationsHandler$$Lambda$666
instanceKlass io/netty/handler/codec/http/HttpHeadersEncoder
instanceKlass io/netty/handler/codec/DefaultHeaders$HeaderIterator
instanceKlass io/netty/channel/AbstractChannelHandlerContext$AbstractWriteTask
instanceKlass reactor/netty/http/HttpOperations$$Lambda$665
instanceKlass io/netty/util/Recycler$WeakOrderQueue$Head
instanceKlass io/netty/util/Recycler$WeakOrderQueue
instanceKlass reactor/netty/channel/FluxReceive$$Lambda$664
instanceKlass reactor/core/publisher/FluxContextStart$ContextStartSubscriber
instanceKlass reactor/util/context/Context1
instanceKlass reactor/core/publisher/Operators$$Lambda$663
instanceKlass reactor/core/publisher/Operators$$Lambda$662
instanceKlass reactor/netty/http/client/HttpClientOperations$GetOrHeadAggregateOutbound$$Lambda$661
instanceKlass reactor/netty/http/client/HttpClientOperations$GetOrHeadAggregateOutbound$$Lambda$660
instanceKlass reactor/netty/http/client/HttpClientOperations$GetOrHeadAggregateOutbound$$Lambda$659
instanceKlass reactor/netty/http/client/HttpClientOperations$GetOrHeadAggregateOutbound$$Lambda$658
instanceKlass reactor/netty/http/client/HttpClientOperations$GetOrHeadAggregateOutbound
instanceKlass org/springframework/cloud/gateway/filter/NettyRoutingFilter$$Lambda$657
instanceKlass io/netty/channel/socket/ChannelInputShutdownEvent
instanceKlass io/netty/handler/codec/http/HttpExpectationFailedEvent
instanceKlass reactor/netty/NettyPipeline$SendOptionsChangeEvent
instanceKlass reactor/netty/NettyOutbound$$Lambda$656
instanceKlass org/springframework/cloud/gateway/filter/NettyRoutingFilter$$Lambda$655
instanceKlass reactor/netty/http/client/HttpClientConnect$HttpObserver$$Lambda$654
instanceKlass reactor/netty/resources/PooledConnectionProvider$DisposableAcquire$$Lambda$653
instanceKlass reactor/netty/resources/PooledConnectionProvider$PendingConnectionObserver$Pending
instanceKlass reactor/util/concurrent/Queues$$Lambda$652
instanceKlass reactor/netty/resources/PooledConnectionProvider$PendingConnectionObserver
instanceKlass io/netty/util/concurrent/DefaultPromise$1
instanceKlass io/netty/channel/nio/AbstractNioChannel$AbstractNioUnsafe$2
instanceKlass io/netty/channel/nio/AbstractNioChannel$AbstractNioUnsafe$1
instanceKlass io/netty/util/internal/SocketUtils$3
instanceKlass io/netty/bootstrap/Bootstrap$3
instanceKlass io/netty/resolver/InetSocketAddressResolver$1
instanceKlass io/netty/util/internal/SocketUtils$8
instanceKlass io/netty/util/concurrent/GenericProgressiveFutureListener
instanceKlass io/netty/resolver/AddressResolverGroup$1
instanceKlass io/netty/resolver/AbstractAddressResolver
instanceKlass io/netty/resolver/AddressResolver
instanceKlass io/netty/resolver/SimpleNameResolver
instanceKlass io/netty/resolver/NameResolver
instanceKlass io/netty/handler/codec/http/FullHttpRequest
instanceKlass io/netty/handler/codec/http/HttpClientUpgradeHandler$SourceCodec
instanceKlass reactor/netty/resources/PooledConnectionProvider$DisposableAcquire
instanceKlass io/netty/channel/pool/SimpleChannelPool$2
instanceKlass reactor/netty/resources/PooledConnectionProvider$PooledConnection
instanceKlass io/netty/bootstrap/Bootstrap$1
instanceKlass java/util/concurrent/ConcurrentLinkedDeque$Node
instanceKlass io/netty/channel/pool/SimpleChannelPool
instanceKlass reactor/netty/resources/PooledConnectionProvider$PoolKey
instanceKlass reactor/netty/http/client/HttpClientConnect$MonoHttpConnect$TcpClientSubscriber
instanceKlass reactor/netty/resources/PooledConnectionProvider$$Lambda$651
instanceKlass reactor/netty/http/client/HttpClientConnect$HttpObserver
instanceKlass reactor/netty/http/client/HttpClientConnect$MonoHttpConnect$$Lambda$650
instanceKlass reactor/netty/http/client/HttpClientConnect$Http1Initializer
instanceKlass java/lang/invoke/LambdaForm$MH
instanceKlass java/lang/invoke/LambdaForm$DMH
instanceKlass java/lang/invoke/LambdaForm$DMH
instanceKlass reactor/netty/http/client/UriEndpointFactory$$Lambda$649
instanceKlass java/lang/invoke/LambdaForm$DMH
instanceKlass reactor/netty/http/client/UriEndpoint
instanceKlass reactor/netty/http/client/UriEndpointFactory
instanceKlass reactor/netty/http/client/HttpClientConnect$HttpClientHandler$$Lambda$648
instanceKlass reactor/core/publisher/MonoFlatMapMany$FlatMapManyMain
instanceKlass reactor/netty/http/client/HttpClientFinalizer$$Lambda$647
instanceKlass reactor/netty/tcp/ProxyProvider$DeferredProxySupport
instanceKlass reactor/netty/tcp/ProxyProvider
instanceKlass reactor/netty/http/client/HttpClientConnect$HttpTcpClient$$Lambda$646
instanceKlass io/netty/util/concurrent/PromiseTask$RunnableAdapter
instanceKlass reactor/netty/resources/ColocatedEventLoopGroup$$Lambda$645
instanceKlass reactor/netty/resources/ColocatedEventLoopGroup
instanceKlass reactor/netty/tcp/SslProvider$DeferredSslSupport
instanceKlass org/springframework/cloud/gateway/filter/NettyRoutingFilter$$Lambda$644
instanceKlass reactor/netty/http/client/HttpClientFinalizer$$Lambda$643
instanceKlass org/springframework/cloud/gateway/filter/NettyRoutingFilter$$Lambda$642
instanceKlass java/lang/invoke/LambdaForm$DMH
instanceKlass reactor/netty/http/client/HttpClientFinalizer$$Lambda$641
instanceKlass reactor/netty/http/client/HttpClientFinalizer$$Lambda$640
instanceKlass reactor/netty/http/client/HttpClientFinalizer$$Lambda$639
instanceKlass reactor/netty/http/client/HttpClient$$Lambda$638
instanceKlass reactor/netty/http/client/HttpClientConfiguration$$Lambda$637
instanceKlass reactor/netty/http/client/HttpClientConfiguration$$Lambda$636
instanceKlass reactor/netty/http/client/HttpClientConfiguration$$Lambda$635
instanceKlass reactor/netty/http/client/HttpClientConfiguration$$Lambda$634
instanceKlass reactor/netty/http/client/HttpClientConfiguration$$Lambda$633
instanceKlass reactor/netty/http/client/HttpClientConfiguration$$Lambda$632
instanceKlass reactor/netty/http/client/HttpClientConfiguration$$Lambda$631
instanceKlass reactor/netty/http/client/HttpClientConfiguration$$Lambda$630
instanceKlass reactor/netty/http/client/HttpClientConfiguration$$Lambda$629
instanceKlass io/netty/handler/codec/http/cookie/ClientCookieEncoder$1
instanceKlass reactor/netty/http/client/HttpClientConfiguration
instanceKlass org/springframework/cloud/gateway/filter/NettyRoutingFilter$$Lambda$628
instanceKlass org/springframework/cloud/gateway/filter/headers/RemoveHopByHopHeadersFilter$$Lambda$627
instanceKlass org/springframework/cloud/gateway/filter/headers/RemoveHopByHopHeadersFilter$$Lambda$626
instanceKlass org/springframework/cloud/gateway/filter/headers/XForwardedHeadersFilter$$Lambda$625
instanceKlass org/springframework/cloud/gateway/filter/headers/XForwardedHeadersFilter$$Lambda$624
instanceKlass org/springframework/util/CollectionUtils$MultiValueMapAdapter$$Lambda$623
instanceKlass org/springframework/util/CollectionUtils$MultiValueMapAdapter$$Lambda$622
instanceKlass org/springframework/cloud/gateway/filter/headers/ForwardedHeadersFilter$$Lambda$621
instanceKlass org/springframework/cloud/gateway/filter/headers/ForwardedHeadersFilter$$Lambda$620
instanceKlass org/springframework/http/server/reactive/NettyHeadersAdapter$HeaderEntry
instanceKlass io/netty/handler/codec/HeadersUtils$StringIterator
instanceKlass org/springframework/http/server/reactive/NettyHeadersAdapter$EntryIterator
instanceKlass org/springframework/http/ReadOnlyHttpHeaders$$Lambda$619
instanceKlass org/springframework/cloud/gateway/filter/headers/HttpHeadersFilter$$Lambda$618
instanceKlass org/springframework/cloud/gateway/filter/headers/HttpHeadersFilter$$Lambda$617
instanceKlass org/springframework/cloud/gateway/filter/headers/HttpHeadersFilter$$Lambda$616
instanceKlass org/springframework/cloud/gateway/filter/LoadBalancerClientFilter$DelegatingServiceInstance
instanceKlass org/springframework/cloud/netflix/ribbon/RibbonLoadBalancerClient$RibbonServer
instanceKlass com/google/common/base/Optional
instanceKlass com/netflix/loadbalancer/reactive/LoadBalancerCommand$ExecutionInfoContext
instanceKlass com/netflix/util/Pair
instanceKlass com/netflix/loadbalancer/reactive/LoadBalancerCommand
instanceKlass com/netflix/loadbalancer/reactive/LoadBalancerCommand$Builder
instanceKlass com/netflix/client/RequestSpecificRetryHandler
instanceKlass org/springframework/cloud/netflix/ribbon/apache/RibbonApacheHttpResponse
instanceKlass com/netflix/client/http/HttpResponse
instanceKlass com/netflix/client/DefaultLoadBalancerRetryHandler
instanceKlass com/google/common/cache/LocalCache$WriteThroughEntry
instanceKlass com/google/common/cache/LocalCache$StrongValueReference
instanceKlass com/google/common/util/concurrent/Uninterruptibles
instanceKlass com/netflix/stats/distribution/DataPublisher$PublishThreadFactory
instanceKlass com/netflix/stats/distribution/DataPublisher$1
instanceKlass com/netflix/stats/distribution/DataPublisher
instanceKlass com/netflix/config/PropertyWrapper$2
instanceKlass com/netflix/config/validation/PropertyChangeValidator
instanceKlass com/netflix/config/PropertyWrapper$1
instanceKlass com/netflix/util/MeasuredRate
instanceKlass com/netflix/stats/distribution/Distribution
instanceKlass com/netflix/stats/distribution/DataAccumulator
instanceKlass com/netflix/stats/distribution/DataCollector
instanceKlass com/netflix/stats/distribution/DataDistributionMBean
instanceKlass com/netflix/stats/distribution/DistributionMBean
instanceKlass com/google/common/base/Stopwatch
instanceKlass com/google/common/util/concurrent/ExecutionList
instanceKlass com/google/common/util/concurrent/AbstractFuture
instanceKlass com/google/common/util/concurrent/ListenableFuture
instanceKlass com/google/common/cache/LocalCache$LoadingValueReference
instanceKlass com/google/common/base/Platform
instanceKlass com/netflix/loadbalancer/PredicateKey
instanceKlass com/google/common/collect/AbstractIterator$1
instanceKlass com/google/common/collect/FluentIterable
instanceKlass com/google/common/collect/Iterables
instanceKlass com/netflix/niws/loadbalancer/DiscoveryEnabledServer$1
instanceKlass com/netflix/loadbalancer/Server$1
instanceKlass com/netflix/loadbalancer/Server$MetaInfo
instanceKlass com/netflix/loadbalancer/PollingServerListUpdater$LazyHolder$2
instanceKlass com/netflix/loadbalancer/PollingServerListUpdater$LazyHolder$1
instanceKlass com/netflix/loadbalancer/PollingServerListUpdater$LazyHolder
instanceKlass com/netflix/loadbalancer/PollingServerListUpdater$1
instanceKlass com/netflix/loadbalancer/DynamicServerListLoadBalancer$1
instanceKlass com/netflix/loadbalancer/ServerStatusChangeListener
instanceKlass com/netflix/loadbalancer/ServerListChangeListener
instanceKlass com/netflix/client/PrimeConnections
instanceKlass com/google/common/cache/LocalCache$HashIterator
instanceKlass com/google/common/primitives/Ints
instanceKlass com/netflix/loadbalancer/BaseLoadBalancer$Pinger
instanceKlass com/netflix/util/concurrent/ShutdownEnabledTimer$1
instanceKlass com/netflix/loadbalancer/ZoneStats
instanceKlass com/netflix/loadbalancer/ZoneSnapshot
instanceKlass com/netflix/loadbalancer/ServerStats
instanceKlass com/google/common/cache/LocalCache$AbstractReferenceEntry
instanceKlass com/google/common/cache/LocalCache$ReferenceEntry
instanceKlass com/google/common/cache/Weigher
instanceKlass com/google/common/cache/LocalCache$1
instanceKlass com/google/common/cache/LocalCache$ValueReference
instanceKlass com/google/common/util/concurrent/ListeningExecutorService
instanceKlass com/google/common/util/concurrent/MoreExecutors
instanceKlass com/google/common/cache/LocalCache$LocalManualCache
instanceKlass com/google/common/cache/LoadingCache
instanceKlass com/google/common/cache/Cache
instanceKlass com/google/common/cache/CacheLoader
instanceKlass com/netflix/loadbalancer/LoadBalancerStats$2
instanceKlass com/google/common/cache/RemovalListener
instanceKlass com/google/common/cache/CacheBuilder$2
instanceKlass com/google/common/cache/CacheStats
instanceKlass com/google/common/base/Suppliers$SupplierOfInstance
instanceKlass com/google/common/base/Suppliers
instanceKlass com/google/common/cache/CacheBuilder$1
instanceKlass com/google/common/cache/AbstractCache$StatsCounter
instanceKlass com/google/common/cache/CacheBuilder
instanceKlass com/netflix/loadbalancer/LoadBalancerStats$3
instanceKlass com/netflix/client/ClientFactory
instanceKlass com/netflix/loadbalancer/ServerComparator
instanceKlass com/netflix/loadbalancer/BaseLoadBalancer$SerialPingStrategy
instanceKlass com/netflix/loadbalancer/IPingStrategy
instanceKlass com/netflix/loadbalancer/ServerListUpdater$UpdateAction
instanceKlass com/netflix/loadbalancer/PollingServerListUpdater
instanceKlass com/netflix/config/ChainedDynamicProperty
instanceKlass com/netflix/config/ChainedDynamicProperty$IntProperty$1
instanceKlass com/google/common/base/Predicates$AndPredicate
instanceKlass com/google/common/base/Joiner
instanceKlass com/google/common/base/Predicates
instanceKlass com/netflix/loadbalancer/CompositePredicate$Builder
instanceKlass com/netflix/config/ChainedDynamicProperty$ChainLink
instanceKlass com/netflix/loadbalancer/AbstractLoadBalancerRule
instanceKlass com/netflix/loadbalancer/LoadBalancerStats
instanceKlass com/netflix/loadbalancer/AbstractServerPredicate$1
instanceKlass com/netflix/loadbalancer/AbstractServerPredicate
instanceKlass com/google/common/base/Predicate
instanceKlass com/netflix/loadbalancer/AbstractServerListFilter
instanceKlass org/apache/http/client/ResponseHandler
instanceKlass org/apache/http/impl/client/HttpClientBuilder$2
instanceKlass org/apache/http/impl/client/SystemDefaultCredentialsProvider
instanceKlass org/apache/http/impl/cookie/IgnoreSpecProvider
instanceKlass org/apache/http/impl/cookie/NetscapeDraftSpecProvider
instanceKlass org/apache/http/impl/cookie/RFC6265CookieSpecProvider
instanceKlass org/apache/http/impl/cookie/DefaultCookieSpecProvider
instanceKlass org/apache/http/impl/client/CookieSpecRegistries
instanceKlass org/apache/http/impl/execchain/RedirectExec
instanceKlass org/apache/http/impl/conn/DefaultRoutePlanner
instanceKlass org/apache/http/impl/execchain/RetryExec
instanceKlass org/apache/http/impl/execchain/ProtocolExec
instanceKlass org/apache/http/protocol/ChainBuilder
instanceKlass org/apache/http/client/protocol/RequestExpectContinue
instanceKlass org/apache/http/protocol/HttpProcessorBuilder
instanceKlass org/apache/http/impl/execchain/MainClientExec
instanceKlass org/apache/http/pool/PoolEntryCallback
instanceKlass org/apache/http/pool/PoolStats
instanceKlass org/apache/http/conn/ConnectionRequest
instanceKlass org/apache/http/pool/PoolEntry
instanceKlass org/apache/http/impl/conn/DefaultHttpResponseParserFactory
instanceKlass org/apache/http/io/HttpMessageParserFactory
instanceKlass org/apache/http/impl/io/DefaultHttpRequestWriterFactory
instanceKlass org/apache/http/io/HttpMessageWriterFactory
instanceKlass org/apache/http/impl/BHttpConnectionBase
instanceKlass org/apache/http/impl/conn/ManagedHttpClientConnectionFactory
instanceKlass org/apache/http/conn/HttpConnectionFactory
instanceKlass org/apache/http/impl/conn/PoolingHttpClientConnectionManager$InternalConnectionFactory
instanceKlass org/apache/http/pool/ConnFactory
instanceKlass org/apache/http/pool/AbstractConnPool
instanceKlass org/apache/http/pool/ConnPool
instanceKlass org/apache/http/impl/conn/PoolingHttpClientConnectionManager$ConfigData
instanceKlass org/apache/http/impl/conn/DefaultSchemePortResolver
instanceKlass org/apache/http/impl/conn/DefaultHttpClientConnectionOperator
instanceKlass org/apache/http/conn/HttpClientConnectionOperator
instanceKlass org/apache/http/impl/conn/PoolingHttpClientConnectionManager
instanceKlass org/apache/http/pool/ConnPoolControl
instanceKlass org/apache/http/config/Registry
instanceKlass org/apache/http/conn/socket/PlainConnectionSocketFactory
instanceKlass java/util/Timer$1
instanceKlass java/util/TaskQueue
instanceKlass java/util/Timer
instanceKlass org/springframework/cloud/netflix/ribbon/DefaultServerIntrospector
instanceKlass org/springframework/cloud/netflix/ribbon/RibbonProperties
instanceKlass org/springframework/cloud/netflix/ribbon/eureka/DomainExtractingServerList
instanceKlass com/netflix/client/SimpleVipAddressResolver
instanceKlass org/springframework/beans/factory/support/DefaultListableBeanFactory$Jsr330Factory
instanceKlass com/netflix/loadbalancer/AbstractLoadBalancer
instanceKlass com/netflix/client/PrimeConnections$PrimeConnectionListener
instanceKlass com/netflix/loadbalancer/AbstractLoadBalancerPing
instanceKlass com/netflix/client/VipAddressResolver
instanceKlass org/apache/commons/configuration/PrefixedKeysIterator
instanceKlass org/apache/commons/configuration/SubsetConfiguration$SubsetIterator
instanceKlass org/apache/commons/lang/text/StrBuilder
instanceKlass org/apache/commons/lang/text/StrMatcher
instanceKlass com/netflix/client/config/DefaultClientConfigImpl$1
instanceKlass com/netflix/client/config/DefaultClientConfigImpl
instanceKlass com/netflix/config/DynamicProperty$CachedValue
instanceKlass com/google/common/collect/Lists
instanceKlass com/netflix/config/PropertyWrapper
instanceKlass com/netflix/config/Property
instanceKlass com/google/common/collect/Iterators$2
instanceKlass com/google/common/collect/UnmodifiableIterator
instanceKlass com/google/common/collect/Iterators
instanceKlass com/google/common/collect/Sets
instanceKlass com/google/common/reflect/TypeVisitor
instanceKlass com/google/common/collect/ImmutableCollection$Builder
instanceKlass com/google/common/reflect/TypeCapture
instanceKlass com/netflix/client/config/CommonClientConfigKey
instanceKlass com/netflix/client/config/IClientConfigKey
instanceKlass org/springframework/cloud/netflix/ribbon/RibbonUtils
instanceKlass org/springframework/cloud/netflix/ribbon/RibbonClientName
instanceKlass com/netflix/loadbalancer/ServerListUpdater
instanceKlass org/springframework/cloud/netflix/ribbon/apache/HttpClientRibbonConfiguration$ApacheHttpClientConfiguration
instanceKlass com/netflix/client/RetryHandler
instanceKlass org/springframework/core/annotation/AnnotatedElementUtils$4$$Lambda$615
instanceKlass org/springframework/cloud/commons/httpclient/HttpClientConfiguration$OkHttpClientConfiguration
instanceKlass org/springframework/cloud/netflix/ribbon/apache/HttpClientRibbonConfiguration
instanceKlass org/springframework/cloud/netflix/ribbon/RestClientRibbonConfiguration
instanceKlass org/springframework/cloud/netflix/ribbon/okhttp/OkHttpRibbonConfiguration
instanceKlass org/springframework/web/util/HierarchicalUriComponents$$Lambda$614
instanceKlass org/springframework/web/util/HierarchicalUriComponents$FullPathComponent
instanceKlass org/springframework/web/util/HierarchicalUriComponents$1
instanceKlass org/springframework/web/util/HierarchicalUriComponents$PathComponent
instanceKlass org/springframework/web/util/UriComponents
instanceKlass org/springframework/web/util/UriComponentsBuilder$FullPathComponentBuilder
instanceKlass org/springframework/web/util/UriComponentsBuilder$PathSegmentComponentBuilder
instanceKlass org/springframework/web/util/UriComponentsBuilder$CompositePathComponentBuilder
instanceKlass org/springframework/web/util/UriComponentsBuilder$PathComponentBuilder
instanceKlass org/springframework/web/util/UriComponentsBuilder
instanceKlass org/springframework/web/util/UriBuilder
instanceKlass org/springframework/web/server/ServerWebExchangeDecorator
instanceKlass org/springframework/web/server/DefaultServerWebExchangeBuilder
instanceKlass org/springframework/web/server/ServerWebExchange$Builder
instanceKlass org/springframework/http/server/reactive/DefaultServerHttpRequestBuilder$$Lambda$613
instanceKlass org/springframework/http/HttpCookie
instanceKlass io/netty/handler/codec/http/cookie/DefaultCookie
instanceKlass io/netty/handler/codec/http/cookie/CookieUtil
instanceKlass org/springframework/http/server/reactive/ReactorServerHttpRequest$$Lambda$612
instanceKlass org/springframework/core/io/buffer/NettyDataBuffer
instanceKlass org/springframework/core/io/buffer/PooledDataBuffer
instanceKlass reactor/netty/ByteBufFlux$$Lambda$611
instanceKlass reactor/netty/ByteBufFlux$$Lambda$610
instanceKlass org/springframework/http/server/reactive/DefaultServerHttpRequestBuilder
instanceKlass org/springframework/cloud/gateway/support/ServerWebExchangeUtils$$Lambda$609
instanceKlass org/springframework/cloud/gateway/filter/NettyWriteResponseFilter$$Lambda$608
instanceKlass org/springframework/cloud/gateway/handler/FilteringWebHandler$DefaultGatewayFilterChain$$Lambda$607
instanceKlass org/springframework/cloud/gateway/handler/FilteringWebHandler$DefaultGatewayFilterChain
instanceKlass org/springframework/web/server/ServerWebExchange$$Lambda$606
instanceKlass org/springframework/web/cors/reactive/CorsUtils
instanceKlass org/springframework/web/util/pattern/PathPattern$PathMatchInfo
instanceKlass org/springframework/web/util/pattern/PathPattern$MatchingContext
instanceKlass org/springframework/cloud/gateway/handler/predicate/PathRoutePredicateFactory$$Lambda$605
instanceKlass reactor/core/publisher/Operators$ScalarSubscription
instanceKlass reactor/core/publisher/MonoFilterWhen$FilterWhenInner
instanceKlass reactor/core/publisher/FluxPeek$PeekSubscriber
instanceKlass org/springframework/cloud/gateway/handler/RoutePredicateHandlerMapping$$Lambda$604
instanceKlass org/springframework/cloud/gateway/handler/RoutePredicateHandlerMapping$$Lambda$603
instanceKlass org/springframework/cloud/gateway/handler/RoutePredicateHandlerMapping$$Lambda$602
instanceKlass org/springframework/cloud/gateway/handler/RoutePredicateHandlerMapping$$Lambda$601
instanceKlass org/springframework/cloud/gateway/handler/RoutePredicateHandlerMapping$$Lambda$600
instanceKlass org/springframework/cloud/gateway/handler/RoutePredicateHandlerMapping$$Lambda$599
instanceKlass org/springframework/cloud/gateway/handler/RoutePredicateHandlerMapping$$Lambda$598
instanceKlass org/springframework/web/reactive/result/method/RequestMappingInfoHandlerMapping$PartialMatchHelper$$Lambda$597
instanceKlass org/springframework/web/reactive/result/method/RequestMappingInfoHandlerMapping$PartialMatchHelper$PartialMatch
instanceKlass org/springframework/web/reactive/result/method/RequestMappingInfoHandlerMapping$PartialMatchHelper$$Lambda$596
instanceKlass org/springframework/web/reactive/result/method/RequestMappingInfoHandlerMapping$PartialMatchHelper
instanceKlass org/springframework/web/reactive/handler/AbstractHandlerMapping$$Lambda$595
instanceKlass reactor/core/publisher/FluxConcatMap$ConcatMapImmediate
instanceKlass reactor/core/publisher/FluxConcatMap$FluxConcatMapSupport
instanceKlass reactor/core/publisher/FluxConcatMap$1
instanceKlass reactor/core/publisher/MonoNext$NextSubscriber
instanceKlass reactor/core/publisher/MonoFlatMap$FlatMapInner
instanceKlass org/springframework/web/reactive/DispatcherHandler$$Lambda$594
instanceKlass org/springframework/web/reactive/DispatcherHandler$$Lambda$593
instanceKlass org/springframework/web/reactive/DispatcherHandler$$Lambda$592
instanceKlass org/springframework/web/reactive/DispatcherHandler$$Lambda$591
instanceKlass reactor/core/publisher/Operators$MultiSubscriptionSubscriber
instanceKlass reactor/core/publisher/MonoIgnoreThen$ThenAcceptInner
instanceKlass reactor/core/publisher/MonoIgnoreThen$ThenIgnoreInner
instanceKlass reactor/core/publisher/FluxPeekFuseable$PeekFuseableConditionalSubscriber
instanceKlass reactor/core/publisher/MonoPeekTerminal$MonoTerminalPeekSubscriber
instanceKlass org/springframework/http/server/reactive/ReactorHttpHandlerAdapter$$Lambda$590
instanceKlass org/springframework/http/server/reactive/ReactorHttpHandlerAdapter$$Lambda$589
instanceKlass org/springframework/web/server/adapter/HttpWebHandlerAdapter$$Lambda$588
instanceKlass org/springframework/web/server/adapter/HttpWebHandlerAdapter$$Lambda$587
instanceKlass org/springframework/web/server/adapter/HttpWebHandlerAdapter$$Lambda$586
instanceKlass org/springframework/web/server/handler/ExceptionHandlingWebHandler$$Lambda$585
instanceKlass org/springframework/web/server/handler/DefaultWebFilterChain$$Lambda$584
instanceKlass org/springframework/core/log/LogFormatUtils
instanceKlass org/springframework/web/server/adapter/HttpWebHandlerAdapter$$Lambda$583
instanceKlass org/springframework/web/server/session/DefaultWebSessionManager$$Lambda$582
instanceKlass io/netty/buffer/ByteBufUtil$HexUtil
instanceKlass org/springframework/web/server/adapter/DefaultServerWebExchange$$Lambda$581
instanceKlass reactor/util/concurrent/WaitStrategy$$Lambda$580
instanceKlass reactor/util/concurrent/WaitStrategy
instanceKlass java/util/function/LongSupplier
instanceKlass org/reactivestreams/Processor
instanceKlass org/springframework/web/server/adapter/DefaultServerWebExchange
instanceKlass org/springframework/http/server/reactive/AbstractServerHttpResponse
instanceKlass org/springframework/util/CollectionUtils$MultiValueMapAdapter
instanceKlass org/springframework/util/CollectionUtils$$Lambda$579
instanceKlass org/springframework/http/server/DefaultPathContainer$DefaultPathSegment$$Lambda$578
instanceKlass org/springframework/http/server/DefaultPathContainer$DefaultPathSegment
instanceKlass org/springframework/http/server/PathContainer$PathSegment
instanceKlass org/springframework/http/server/DefaultRequestPath
instanceKlass org/springframework/http/server/RequestPath
instanceKlass org/springframework/http/server/reactive/NettyHeadersAdapter
instanceKlass org/springframework/http/server/reactive/AbstractServerHttpRequest
instanceKlass org/springframework/core/io/buffer/NettyDataBufferFactory
instanceKlass reactor/netty/http/Cookies
instanceKlass reactor/netty/channel/FluxReceive$$Lambda$577
instanceKlass java/lang/invoke/LambdaForm$DMH
instanceKlass reactor/netty/channel/FluxReceive$$Lambda$576
instanceKlass java/lang/invoke/LambdaForm$DMH
instanceKlass reactor/netty/http/server/ConnectionInfo
instanceKlass io/netty/buffer/PoolThreadCache$MemoryRegionCache$Entry
instanceKlass io/netty/buffer/PoolThreadCache$1
instanceKlass io/netty/handler/codec/http/LastHttpContent$1
instanceKlass io/netty/handler/codec/HeadersUtils
instanceKlass io/netty/handler/codec/http/HttpHeaderNames
instanceKlass io/netty/handler/codec/http/HttpHeaderValues
instanceKlass io/netty/handler/codec/http/HttpUtil
instanceKlass io/netty/handler/codec/http/HttpMethod$EnumNameMap$Node
instanceKlass io/netty/handler/codec/http/HttpMethod$EnumNameMap
instanceKlass io/netty/handler/codec/http/HttpRequest
instanceKlass io/netty/handler/codec/http/HttpObjectDecoder$1
instanceKlass io/netty/handler/codec/CodecOutputList$CodecOutputLists
instanceKlass io/netty/handler/codec/CodecOutputList$1
instanceKlass io/netty/handler/codec/CodecOutputList$CodecOutputListRecycler
instanceKlass io/netty/buffer/PoolChunk
instanceKlass io/netty/buffer/PoolChunkMetric
instanceKlass io/netty/util/Recycler$DefaultHandle
instanceKlass io/netty/util/Recycler$Stack
instanceKlass io/netty/util/Recycler$1
instanceKlass io/netty/util/Recycler$Handle
instanceKlass io/netty/util/Recycler
instanceKlass io/netty/buffer/PoolThreadCache$MemoryRegionCache
instanceKlass io/netty/buffer/PoolThreadCache
instanceKlass io/netty/util/Attribute
instanceKlass reactor/netty/ReactorNetty$SimpleConnection
